c:\users\dsilva.vinicius\documents\non_euclidean_space_ray_tracing\proceduray\proceduray\src\d3d12raytracingproceduralgeometry\obj\x64\debug\d3d12raytracingproceduralgeometry.pch
c:\users\dsilva.vinicius\documents\non_euclidean_space_ray_tracing\proceduray\proceduray\src\d3d12raytracingproceduralgeometry\obj\x64\debug\vc142.pdb
c:\users\dsilva.vinicius\documents\non_euclidean_space_ray_tracing\proceduray\proceduray\src\d3d12raytracingproceduralgeometry\obj\x64\debug\vc142.idb
c:\users\dsilva.vinicius\documents\non_euclidean_space_ray_tracing\proceduray\proceduray\src\d3d12raytracingproceduralgeometry\obj\x64\debug\stdafx.obj
c:\users\dsilva.vinicius\documents\non_euclidean_space_ray_tracing\proceduray\proceduray\src\d3d12raytracingproceduralgeometry\obj\x64\debug\staticscene.obj
c:\users\dsilva.vinicius\documents\non_euclidean_space_ray_tracing\proceduray\proceduray\src\d3d12raytracingproceduralgeometry\obj\x64\debug\shadertable.obj
c:\users\dsilva.vinicius\documents\non_euclidean_space_ray_tracing\proceduray\proceduray\src\d3d12raytracingproceduralgeometry\obj\x64\debug\shadercompatutils.obj
c:\users\dsilva.vinicius\documents\non_euclidean_space_ray_tracing\proceduray\proceduray\src\d3d12raytracingproceduralgeometry\obj\x64\debug\rootsignature.obj
c:\users\dsilva.vinicius\documents\non_euclidean_space_ray_tracing\proceduray\proceduray\src\d3d12raytracingproceduralgeometry\obj\x64\debug\raytracingstate.obj
c:\users\dsilva.vinicius\documents\non_euclidean_space_ray_tracing\proceduray\proceduray\src\d3d12raytracingproceduralgeometry\obj\x64\debug\hitgroup.obj
c:\users\dsilva.vinicius\documents\non_euclidean_space_ray_tracing\proceduray\proceduray\src\d3d12raytracingproceduralgeometry\obj\x64\debug\geometry.obj
c:\users\dsilva.vinicius\documents\non_euclidean_space_ray_tracing\proceduray\proceduray\src\d3d12raytracingproceduralgeometry\obj\x64\debug\descriptorheap.obj
c:\users\dsilva.vinicius\documents\non_euclidean_space_ray_tracing\proceduray\proceduray\src\d3d12raytracingproceduralgeometry\obj\x64\debug\accelerationstructure.obj
c:\users\dsilva.vinicius\documents\non_euclidean_space_ray_tracing\proceduray\proceduray\src\d3d12raytracingproceduralgeometry\obj\x64\debug\win32application.obj
c:\users\dsilva.vinicius\documents\non_euclidean_space_ray_tracing\proceduray\proceduray\src\d3d12raytracingproceduralgeometry\obj\x64\debug\performancetimers.obj
c:\users\dsilva.vinicius\documents\non_euclidean_space_ray_tracing\proceduray\proceduray\src\d3d12raytracingproceduralgeometry\obj\x64\debug\dxsample.obj
c:\users\dsilva.vinicius\documents\non_euclidean_space_ray_tracing\proceduray\proceduray\src\d3d12raytracingproceduralgeometry\obj\x64\debug\deviceresources.obj
c:\users\dsilva.vinicius\documents\non_euclidean_space_ray_tracing\proceduray\proceduray\src\d3d12raytracingproceduralgeometry\obj\x64\debug\proceduralrtxenginesample.obj
c:\users\dsilva.vinicius\documents\non_euclidean_space_ray_tracing\proceduray\proceduray\src\d3d12raytracingproceduralgeometry\obj\x64\debug\mandeljuliapacscenebuilder.obj
c:\users\dsilva.vinicius\documents\non_euclidean_space_ray_tracing\proceduray\proceduray\src\d3d12raytracingproceduralgeometry\obj\x64\debug\main.obj
c:\users\dsilva.vinicius\documents\non_euclidean_space_ray_tracing\proceduray\proceduray\src\d3d12raytracingproceduralgeometry\bin\x64\debug\raytracing.cso
c:\users\dsilva.vinicius\documents\non_euclidean_space_ray_tracing\proceduray\proceduray\src\d3d12raytracingproceduralgeometry\obj\x64\debug\compiledshaders\raytracing.hlsl.h
c:\users\dsilva.vinicius\documents\non_euclidean_space_ray_tracing\proceduray\proceduray\src\d3d12raytracingproceduralgeometry\obj\x64\debug\d3d12ray.0c266269.tlog\cl.command.1.tlog
c:\users\dsilva.vinicius\documents\non_euclidean_space_ray_tracing\proceduray\proceduray\src\d3d12raytracingproceduralgeometry\obj\x64\debug\d3d12ray.0c266269.tlog\cl.read.1.tlog
c:\users\dsilva.vinicius\documents\non_euclidean_space_ray_tracing\proceduray\proceduray\src\d3d12raytracingproceduralgeometry\obj\x64\debug\d3d12ray.0c266269.tlog\cl.write.1.tlog
c:\users\dsilva.vinicius\documents\non_euclidean_space_ray_tracing\proceduray\proceduray\src\d3d12raytracingproceduralgeometry\obj\x64\debug\d3d12ray.0c266269.tlog\dxc.command.1.tlog
c:\users\dsilva.vinicius\documents\non_euclidean_space_ray_tracing\proceduray\proceduray\src\d3d12raytracingproceduralgeometry\obj\x64\debug\d3d12ray.0c266269.tlog\dxc.read.1.tlog
c:\users\dsilva.vinicius\documents\non_euclidean_space_ray_tracing\proceduray\proceduray\src\d3d12raytracingproceduralgeometry\obj\x64\debug\d3d12ray.0c266269.tlog\dxc.write.1.tlog
c:\users\dsilva.vinicius\documents\non_euclidean_space_ray_tracing\proceduray\proceduray\src\d3d12raytracingproceduralgeometry\obj\x64\debug\d3d12ray.0c266269.tlog\link-cvtres.read.1.tlog
c:\users\dsilva.vinicius\documents\non_euclidean_space_ray_tracing\proceduray\proceduray\src\d3d12raytracingproceduralgeometry\obj\x64\debug\d3d12ray.0c266269.tlog\link-cvtres.write.1.tlog
c:\users\dsilva.vinicius\documents\non_euclidean_space_ray_tracing\proceduray\proceduray\src\d3d12raytracingproceduralgeometry\obj\x64\debug\d3d12ray.0c266269.tlog\link-rc.read.1.tlog
c:\users\dsilva.vinicius\documents\non_euclidean_space_ray_tracing\proceduray\proceduray\src\d3d12raytracingproceduralgeometry\obj\x64\debug\d3d12ray.0c266269.tlog\link-rc.write.1.tlog
c:\users\dsilva.vinicius\documents\non_euclidean_space_ray_tracing\proceduray\proceduray\src\d3d12raytracingproceduralgeometry\obj\x64\debug\d3d12ray.0c266269.tlog\link.command.1.tlog
c:\users\dsilva.vinicius\documents\non_euclidean_space_ray_tracing\proceduray\proceduray\src\d3d12raytracingproceduralgeometry\obj\x64\debug\d3d12ray.0c266269.tlog\link.read.1.tlog
c:\users\dsilva.vinicius\documents\non_euclidean_space_ray_tracing\proceduray\proceduray\src\d3d12raytracingproceduralgeometry\obj\x64\debug\d3d12ray.0c266269.tlog\link.write.1.tlog
