FXC : warning : no output provided for debug - embedding PDB in shader container.  Use -Qembed_debug to silence this warning.
  
  stdafx.cpp
  AccelerationStructure.cpp
  DescriptorHeap.cpp
  Geometry.cpp
  HitGroup.cpp
  RayTracingState.cpp
  RootSignature.cpp
  ShaderCompatUtils.cpp
  ShaderTable.cpp
  StaticScene.cpp
  Generating Code...
  Main.cpp
  MandelJuliaPacSceneBuilder.cpp
C:\Users\dsilva.vinicius\Documents\non_euclidean_space_ray_tracing\Proceduray\Proceduray\src\D3D12RaytracingProceduralGeometry\MandelJuliaPacSceneBuilder.cpp(311,35): warning C4244: 'argument': conversion from 'double' to 'float', possible loss of data
C:\Users\dsilva.vinicius\Documents\non_euclidean_space_ray_tracing\Proceduray\Proceduray\src\D3D12RaytracingProceduralGeometry\MandelJuliaPacSceneBuilder.cpp(311,27): warning C4244: 'argument': conversion from 'double' to 'float', possible loss of data
C:\Users\dsilva.vinicius\Documents\non_euclidean_space_ray_tracing\Proceduray\Proceduray\src\D3D12RaytracingProceduralGeometry\MandelJuliaPacSceneBuilder.cpp(324,35): warning C4244: 'argument': conversion from 'double' to 'float', possible loss of data
C:\Users\dsilva.vinicius\Documents\non_euclidean_space_ray_tracing\Proceduray\Proceduray\src\D3D12RaytracingProceduralGeometry\MandelJuliaPacSceneBuilder.cpp(324,26): warning C4244: 'argument': conversion from 'double' to 'float', possible loss of data
C:\Users\dsilva.vinicius\Documents\non_euclidean_space_ray_tracing\Proceduray\Proceduray\src\D3D12RaytracingProceduralGeometry\MandelJuliaPacSceneBuilder.cpp(327,35): warning C4244: 'argument': conversion from 'double' to 'float', possible loss of data
C:\Users\dsilva.vinicius\Documents\non_euclidean_space_ray_tracing\Proceduray\Proceduray\src\D3D12RaytracingProceduralGeometry\MandelJuliaPacSceneBuilder.cpp(327,26): warning C4244: 'argument': conversion from 'double' to 'float', possible loss of data
C:\Users\dsilva.vinicius\Documents\non_euclidean_space_ray_tracing\Proceduray\Proceduray\src\D3D12RaytracingProceduralGeometry\MandelJuliaPacSceneBuilder.cpp(338,36): warning C4244: 'argument': conversion from 'double' to 'float', possible loss of data
C:\Users\dsilva.vinicius\Documents\non_euclidean_space_ray_tracing\Proceduray\Proceduray\src\D3D12RaytracingProceduralGeometry\MandelJuliaPacSceneBuilder.cpp(338,27): warning C4244: 'argument': conversion from 'double' to 'float', possible loss of data
  ProceduralRtxEngineSample.cpp
C:\Users\dsilva.vinicius\Documents\non_euclidean_space_ray_tracing\Proceduray\Proceduray\src\D3D12RaytracingProceduralGeometry\ProceduralRtxEngineSample.cpp(94,31): warning C4244: 'argument': conversion from 'double' to 'float', possible loss of data
  DeviceResources.cpp
  DXSample.cpp
  PerformanceTimers.cpp
  Win32Application.cpp
  Generating Code...
  D3D12RaytracingProceduralGeometry.vcxproj -> C:\Users\dsilva.vinicius\Documents\non_euclidean_space_ray_tracing\Proceduray\Proceduray\src\D3D12RaytracingProceduralGeometry\bin\x64\Debug\D3D12RaytracingProceduralGeometry.exe
