c:\users\dsilva.vinicius\documents\non_euclidean_space_ray_tracing\proceduray\samples\desktop\d3d12raytracing\build_vs16\x64\release\intermediate\core\core.pch
c:\users\dsilva.vinicius\documents\non_euclidean_space_ray_tracing\proceduray\samples\desktop\d3d12raytracing\build_vs16\x64\release\output\core\core.pdb
c:\users\dsilva.vinicius\documents\non_euclidean_space_ray_tracing\proceduray\samples\desktop\d3d12raytracing\build_vs16\x64\release\intermediate\core\pch.obj
c:\users\dsilva.vinicius\documents\non_euclidean_space_ray_tracing\proceduray\samples\desktop\d3d12raytracing\build_vs16\x64\release\intermediate\core\fileutility.obj
c:\users\dsilva.vinicius\documents\non_euclidean_space_ray_tracing\proceduray\samples\desktop\d3d12raytracing\build_vs16\x64\release\intermediate\core\enginetuning.obj
c:\users\dsilva.vinicius\documents\non_euclidean_space_ray_tracing\proceduray\samples\desktop\d3d12raytracing\build_vs16\x64\release\intermediate\core\engineprofiling.obj
c:\users\dsilva.vinicius\documents\non_euclidean_space_ray_tracing\proceduray\samples\desktop\d3d12raytracing\build_vs16\x64\release\intermediate\core\descriptorheap.obj
c:\users\dsilva.vinicius\documents\non_euclidean_space_ray_tracing\proceduray\samples\desktop\d3d12raytracing\build_vs16\x64\release\intermediate\core\dynamicdescriptorheap.obj
c:\users\dsilva.vinicius\documents\non_euclidean_space_ray_tracing\proceduray\samples\desktop\d3d12raytracing\build_vs16\x64\release\intermediate\core\dynamicuploadbuffer.obj
c:\users\dsilva.vinicius\documents\non_euclidean_space_ray_tracing\proceduray\samples\desktop\d3d12raytracing\build_vs16\x64\release\intermediate\core\depthoffield.obj
c:\users\dsilva.vinicius\documents\non_euclidean_space_ray_tracing\proceduray\samples\desktop\d3d12raytracing\build_vs16\x64\release\intermediate\core\depthbuffer.obj
c:\users\dsilva.vinicius\documents\non_euclidean_space_ray_tracing\proceduray\samples\desktop\d3d12raytracing\build_vs16\x64\release\intermediate\core\ddstextureloader.obj
c:\users\dsilva.vinicius\documents\non_euclidean_space_ray_tracing\proceduray\samples\desktop\d3d12raytracing\build_vs16\x64\release\intermediate\core\commandsignature.obj
c:\users\dsilva.vinicius\documents\non_euclidean_space_ray_tracing\proceduray\samples\desktop\d3d12raytracing\build_vs16\x64\release\intermediate\core\commandlistmanager.obj
c:\users\dsilva.vinicius\documents\non_euclidean_space_ray_tracing\proceduray\samples\desktop\d3d12raytracing\build_vs16\x64\release\intermediate\core\commandcontext.obj
c:\users\dsilva.vinicius\documents\non_euclidean_space_ray_tracing\proceduray\samples\desktop\d3d12raytracing\build_vs16\x64\release\intermediate\core\commandallocatorpool.obj
c:\users\dsilva.vinicius\documents\non_euclidean_space_ray_tracing\proceduray\samples\desktop\d3d12raytracing\build_vs16\x64\release\intermediate\core\colorbuffer.obj
c:\users\dsilva.vinicius\documents\non_euclidean_space_ray_tracing\proceduray\samples\desktop\d3d12raytracing\build_vs16\x64\release\intermediate\core\color.obj
c:\users\dsilva.vinicius\documents\non_euclidean_space_ray_tracing\proceduray\samples\desktop\d3d12raytracing\build_vs16\x64\release\intermediate\core\cameracontroller.obj
c:\users\dsilva.vinicius\documents\non_euclidean_space_ray_tracing\proceduray\samples\desktop\d3d12raytracing\build_vs16\x64\release\intermediate\core\camera.obj
c:\users\dsilva.vinicius\documents\non_euclidean_space_ray_tracing\proceduray\samples\desktop\d3d12raytracing\build_vs16\x64\release\intermediate\core\buffermanager.obj
c:\users\dsilva.vinicius\documents\non_euclidean_space_ray_tracing\proceduray\samples\desktop\d3d12raytracing\build_vs16\x64\release\intermediate\core\buddyallocator.obj
c:\users\dsilva.vinicius\documents\non_euclidean_space_ray_tracing\proceduray\samples\desktop\d3d12raytracing\build_vs16\x64\release\intermediate\core\bitonicsort.obj
c:\users\dsilva.vinicius\documents\non_euclidean_space_ray_tracing\proceduray\samples\desktop\d3d12raytracing\build_vs16\x64\release\intermediate\core\rootsignature.obj
c:\users\dsilva.vinicius\documents\non_euclidean_space_ray_tracing\proceduray\samples\desktop\d3d12raytracing\build_vs16\x64\release\intermediate\core\readbackbuffer.obj
c:\users\dsilva.vinicius\documents\non_euclidean_space_ray_tracing\proceduray\samples\desktop\d3d12raytracing\build_vs16\x64\release\intermediate\core\posteffects.obj
c:\users\dsilva.vinicius\documents\non_euclidean_space_ray_tracing\proceduray\samples\desktop\d3d12raytracing\build_vs16\x64\release\intermediate\core\pixelbuffer.obj
c:\users\dsilva.vinicius\documents\non_euclidean_space_ray_tracing\proceduray\samples\desktop\d3d12raytracing\build_vs16\x64\release\intermediate\core\pipelinestate.obj
c:\users\dsilva.vinicius\documents\non_euclidean_space_ray_tracing\proceduray\samples\desktop\d3d12raytracing\build_vs16\x64\release\intermediate\core\particleemissionproperties.obj
c:\users\dsilva.vinicius\documents\non_euclidean_space_ray_tracing\proceduray\samples\desktop\d3d12raytracing\build_vs16\x64\release\intermediate\core\particleeffectmanager.obj
c:\users\dsilva.vinicius\documents\non_euclidean_space_ray_tracing\proceduray\samples\desktop\d3d12raytracing\build_vs16\x64\release\intermediate\core\particleeffect.obj
c:\users\dsilva.vinicius\documents\non_euclidean_space_ray_tracing\proceduray\samples\desktop\d3d12raytracing\build_vs16\x64\release\intermediate\core\motionblur.obj
c:\users\dsilva.vinicius\documents\non_euclidean_space_ray_tracing\proceduray\samples\desktop\d3d12raytracing\build_vs16\x64\release\intermediate\core\random.obj
c:\users\dsilva.vinicius\documents\non_euclidean_space_ray_tracing\proceduray\samples\desktop\d3d12raytracing\build_vs16\x64\release\intermediate\core\frustum.obj
c:\users\dsilva.vinicius\documents\non_euclidean_space_ray_tracing\proceduray\samples\desktop\d3d12raytracing\build_vs16\x64\release\intermediate\core\linearallocator.obj
c:\users\dsilva.vinicius\documents\non_euclidean_space_ray_tracing\proceduray\samples\desktop\d3d12raytracing\build_vs16\x64\release\intermediate\core\graphrenderer.obj
c:\users\dsilva.vinicius\documents\non_euclidean_space_ray_tracing\proceduray\samples\desktop\d3d12raytracing\build_vs16\x64\release\intermediate\core\graphicscore.obj
c:\users\dsilva.vinicius\documents\non_euclidean_space_ray_tracing\proceduray\samples\desktop\d3d12raytracing\build_vs16\x64\release\intermediate\core\graphicscommon.obj
c:\users\dsilva.vinicius\documents\non_euclidean_space_ray_tracing\proceduray\samples\desktop\d3d12raytracing\build_vs16\x64\release\intermediate\core\gputimemanager.obj
c:\users\dsilva.vinicius\documents\non_euclidean_space_ray_tracing\proceduray\samples\desktop\d3d12raytracing\build_vs16\x64\release\intermediate\core\gpubuffer.obj
c:\users\dsilva.vinicius\documents\non_euclidean_space_ray_tracing\proceduray\samples\desktop\d3d12raytracing\build_vs16\x64\release\intermediate\core\gamecore.obj
c:\users\dsilva.vinicius\documents\non_euclidean_space_ray_tracing\proceduray\samples\desktop\d3d12raytracing\build_vs16\x64\release\intermediate\core\gameinput.obj
c:\users\dsilva.vinicius\documents\non_euclidean_space_ray_tracing\proceduray\samples\desktop\d3d12raytracing\build_vs16\x64\release\intermediate\core\fxaa.obj
c:\users\dsilva.vinicius\documents\non_euclidean_space_ray_tracing\proceduray\samples\desktop\d3d12raytracing\build_vs16\x64\release\intermediate\core\utility.obj
c:\users\dsilva.vinicius\documents\non_euclidean_space_ray_tracing\proceduray\samples\desktop\d3d12raytracing\build_vs16\x64\release\intermediate\core\texturemanager.obj
c:\users\dsilva.vinicius\documents\non_euclidean_space_ray_tracing\proceduray\samples\desktop\d3d12raytracing\build_vs16\x64\release\intermediate\core\textrenderer.obj
c:\users\dsilva.vinicius\documents\non_euclidean_space_ray_tracing\proceduray\samples\desktop\d3d12raytracing\build_vs16\x64\release\intermediate\core\temporaleffects.obj
c:\users\dsilva.vinicius\documents\non_euclidean_space_ray_tracing\proceduray\samples\desktop\d3d12raytracing\build_vs16\x64\release\intermediate\core\systemtime.obj
c:\users\dsilva.vinicius\documents\non_euclidean_space_ray_tracing\proceduray\samples\desktop\d3d12raytracing\build_vs16\x64\release\intermediate\core\ssao.obj
c:\users\dsilva.vinicius\documents\non_euclidean_space_ray_tracing\proceduray\samples\desktop\d3d12raytracing\build_vs16\x64\release\intermediate\core\shadowcamera.obj
c:\users\dsilva.vinicius\documents\non_euclidean_space_ray_tracing\proceduray\samples\desktop\d3d12raytracing\build_vs16\x64\release\intermediate\core\shadowbuffer.obj
c:\users\dsilva.vinicius\documents\non_euclidean_space_ray_tracing\proceduray\samples\desktop\d3d12raytracing\build_vs16\x64\release\intermediate\core\samplermanager.obj
c:\users\dsilva.vinicius\documents\non_euclidean_space_ray_tracing\proceduray\samples\desktop\d3d12raytracing\build_vs16\x64\release\output\core\compiledshaders\adaptexposurecs.h
c:\users\dsilva.vinicius\documents\non_euclidean_space_ray_tracing\proceduray\samples\desktop\d3d12raytracing\build_vs16\x64\release\output\core\compiledshaders\aoblurupsampleblendoutcs.h
c:\users\dsilva.vinicius\documents\non_euclidean_space_ray_tracing\proceduray\samples\desktop\d3d12raytracing\build_vs16\x64\release\output\core\compiledshaders\aoblurupsamplecs.h
c:\users\dsilva.vinicius\documents\non_euclidean_space_ray_tracing\proceduray\samples\desktop\d3d12raytracing\build_vs16\x64\release\output\core\compiledshaders\aoblurupsamplepreminblendoutcs.h
c:\users\dsilva.vinicius\documents\non_euclidean_space_ray_tracing\proceduray\samples\desktop\d3d12raytracing\build_vs16\x64\release\output\core\compiledshaders\aoblurupsamplepremincs.h
c:\users\dsilva.vinicius\documents\non_euclidean_space_ray_tracing\proceduray\samples\desktop\d3d12raytracing\build_vs16\x64\release\output\core\compiledshaders\aopreparedepthbuffers1cs.h
c:\users\dsilva.vinicius\documents\non_euclidean_space_ray_tracing\proceduray\samples\desktop\d3d12raytracing\build_vs16\x64\release\output\core\compiledshaders\aopreparedepthbuffers2cs.h
c:\users\dsilva.vinicius\documents\non_euclidean_space_ray_tracing\proceduray\samples\desktop\d3d12raytracing\build_vs16\x64\release\output\core\compiledshaders\aorender1cs.h
c:\users\dsilva.vinicius\documents\non_euclidean_space_ray_tracing\proceduray\samples\desktop\d3d12raytracing\build_vs16\x64\release\output\core\compiledshaders\aorender2cs.h
c:\users\dsilva.vinicius\documents\non_euclidean_space_ray_tracing\proceduray\samples\desktop\d3d12raytracing\build_vs16\x64\release\output\core\compiledshaders\applybloom2cs.h
c:\users\dsilva.vinicius\documents\non_euclidean_space_ray_tracing\proceduray\samples\desktop\d3d12raytracing\build_vs16\x64\release\output\core\compiledshaders\applybloomcs.h
c:\users\dsilva.vinicius\documents\non_euclidean_space_ray_tracing\proceduray\samples\desktop\d3d12raytracing\build_vs16\x64\release\output\core\compiledshaders\averagelumacs.h
c:\users\dsilva.vinicius\documents\non_euclidean_space_ray_tracing\proceduray\samples\desktop\d3d12raytracing\build_vs16\x64\release\output\core\compiledshaders\bicubichorizontalupsampleps.h
c:\users\dsilva.vinicius\documents\non_euclidean_space_ray_tracing\proceduray\samples\desktop\d3d12raytracing\build_vs16\x64\release\output\core\compiledshaders\bicubicupsamplegammaps.h
c:\users\dsilva.vinicius\documents\non_euclidean_space_ray_tracing\proceduray\samples\desktop\d3d12raytracing\build_vs16\x64\release\output\core\compiledshaders\bicubicupsampleps.h
c:\users\dsilva.vinicius\documents\non_euclidean_space_ray_tracing\proceduray\samples\desktop\d3d12raytracing\build_vs16\x64\release\output\core\compiledshaders\bicubicverticalupsampleps.h
c:\users\dsilva.vinicius\documents\non_euclidean_space_ray_tracing\proceduray\samples\desktop\d3d12raytracing\build_vs16\x64\release\output\core\compiledshaders\bilinearupsampleps.h
c:\users\dsilva.vinicius\documents\non_euclidean_space_ray_tracing\proceduray\samples\desktop\d3d12raytracing\build_vs16\x64\release\output\core\compiledshaders\bitonic32innersortcs.h
c:\users\dsilva.vinicius\documents\non_euclidean_space_ray_tracing\proceduray\samples\desktop\d3d12raytracing\build_vs16\x64\release\output\core\compiledshaders\bitonic32outersortcs.h
c:\users\dsilva.vinicius\documents\non_euclidean_space_ray_tracing\proceduray\samples\desktop\d3d12raytracing\build_vs16\x64\release\output\core\compiledshaders\bitonic32presortcs.h
c:\users\dsilva.vinicius\documents\non_euclidean_space_ray_tracing\proceduray\samples\desktop\d3d12raytracing\build_vs16\x64\release\output\core\compiledshaders\bitonic64innersortcs.h
c:\users\dsilva.vinicius\documents\non_euclidean_space_ray_tracing\proceduray\samples\desktop\d3d12raytracing\build_vs16\x64\release\output\core\compiledshaders\bitonic64outersortcs.h
c:\users\dsilva.vinicius\documents\non_euclidean_space_ray_tracing\proceduray\samples\desktop\d3d12raytracing\build_vs16\x64\release\output\core\compiledshaders\bitonic64presortcs.h
c:\users\dsilva.vinicius\documents\non_euclidean_space_ray_tracing\proceduray\samples\desktop\d3d12raytracing\build_vs16\x64\release\output\core\compiledshaders\bitonicindirectargscs.h
c:\users\dsilva.vinicius\documents\non_euclidean_space_ray_tracing\proceduray\samples\desktop\d3d12raytracing\build_vs16\x64\release\output\core\compiledshaders\bloomextractanddownsamplehdrcs.h
c:\users\dsilva.vinicius\documents\non_euclidean_space_ray_tracing\proceduray\samples\desktop\d3d12raytracing\build_vs16\x64\release\output\core\compiledshaders\bloomextractanddownsampleldrcs.h
c:\users\dsilva.vinicius\documents\non_euclidean_space_ray_tracing\proceduray\samples\desktop\d3d12raytracing\build_vs16\x64\release\output\core\compiledshaders\blurcs.h
c:\users\dsilva.vinicius\documents\non_euclidean_space_ray_tracing\proceduray\samples\desktop\d3d12raytracing\build_vs16\x64\release\output\core\compiledshaders\boundneighborhoodcs.h
c:\users\dsilva.vinicius\documents\non_euclidean_space_ray_tracing\proceduray\samples\desktop\d3d12raytracing\build_vs16\x64\release\output\core\compiledshaders\buffercopyps.h
c:\users\dsilva.vinicius\documents\non_euclidean_space_ray_tracing\proceduray\samples\desktop\d3d12raytracing\build_vs16\x64\release\output\core\compiledshaders\cameramotionblurprepasscs.h
c:\users\dsilva.vinicius\documents\non_euclidean_space_ray_tracing\proceduray\samples\desktop\d3d12raytracing\build_vs16\x64\release\output\core\compiledshaders\cameramotionblurprepasslinearzcs.h
c:\users\dsilva.vinicius\documents\non_euclidean_space_ray_tracing\proceduray\samples\desktop\d3d12raytracing\build_vs16\x64\release\output\core\compiledshaders\cameravelocitycs.h
c:\users\dsilva.vinicius\documents\non_euclidean_space_ray_tracing\proceduray\samples\desktop\d3d12raytracing\build_vs16\x64\release\output\core\compiledshaders\copybackpostbuffercs.h
c:\users\dsilva.vinicius\documents\non_euclidean_space_ray_tracing\proceduray\samples\desktop\d3d12raytracing\build_vs16\x64\release\output\core\compiledshaders\debugdrawhistogramcs.h
c:\users\dsilva.vinicius\documents\non_euclidean_space_ray_tracing\proceduray\samples\desktop\d3d12raytracing\build_vs16\x64\release\output\core\compiledshaders\debugluminancehdr2cs.h
c:\users\dsilva.vinicius\documents\non_euclidean_space_ray_tracing\proceduray\samples\desktop\d3d12raytracing\build_vs16\x64\release\output\core\compiledshaders\debugluminancehdrcs.h
c:\users\dsilva.vinicius\documents\non_euclidean_space_ray_tracing\proceduray\samples\desktop\d3d12raytracing\build_vs16\x64\release\output\core\compiledshaders\debugluminanceldr2cs.h
c:\users\dsilva.vinicius\documents\non_euclidean_space_ray_tracing\proceduray\samples\desktop\d3d12raytracing\build_vs16\x64\release\output\core\compiledshaders\debugluminanceldrcs.h
c:\users\dsilva.vinicius\documents\non_euclidean_space_ray_tracing\proceduray\samples\desktop\d3d12raytracing\build_vs16\x64\release\output\core\compiledshaders\debugssaocs.h
c:\users\dsilva.vinicius\documents\non_euclidean_space_ray_tracing\proceduray\samples\desktop\d3d12raytracing\build_vs16\x64\release\output\core\compiledshaders\dofcombine2cs.h
c:\users\dsilva.vinicius\documents\non_euclidean_space_ray_tracing\proceduray\samples\desktop\d3d12raytracing\build_vs16\x64\release\output\core\compiledshaders\dofcombinecs.h
c:\users\dsilva.vinicius\documents\non_euclidean_space_ray_tracing\proceduray\samples\desktop\d3d12raytracing\build_vs16\x64\release\output\core\compiledshaders\dofcombinefast2cs.h
c:\users\dsilva.vinicius\documents\non_euclidean_space_ray_tracing\proceduray\samples\desktop\d3d12raytracing\build_vs16\x64\release\output\core\compiledshaders\dofcombinefastcs.h
c:\users\dsilva.vinicius\documents\non_euclidean_space_ray_tracing\proceduray\samples\desktop\d3d12raytracing\build_vs16\x64\release\output\core\compiledshaders\dofdebugbluecs.h
c:\users\dsilva.vinicius\documents\non_euclidean_space_ray_tracing\proceduray\samples\desktop\d3d12raytracing\build_vs16\x64\release\output\core\compiledshaders\dofdebuggreencs.h
c:\users\dsilva.vinicius\documents\non_euclidean_space_ray_tracing\proceduray\samples\desktop\d3d12raytracing\build_vs16\x64\release\output\core\compiledshaders\dofdebugredcs.h
c:\users\dsilva.vinicius\documents\non_euclidean_space_ray_tracing\proceduray\samples\desktop\d3d12raytracing\build_vs16\x64\release\output\core\compiledshaders\dofmedianfiltercs.h
c:\users\dsilva.vinicius\documents\non_euclidean_space_ray_tracing\proceduray\samples\desktop\d3d12raytracing\build_vs16\x64\release\output\core\compiledshaders\dofmedianfilterfixupcs.h
c:\users\dsilva.vinicius\documents\non_euclidean_space_ray_tracing\proceduray\samples\desktop\d3d12raytracing\build_vs16\x64\release\output\core\compiledshaders\dofmedianfiltersepalphacs.h
c:\users\dsilva.vinicius\documents\non_euclidean_space_ray_tracing\proceduray\samples\desktop\d3d12raytracing\build_vs16\x64\release\output\core\compiledshaders\dofpass1cs.h
c:\users\dsilva.vinicius\documents\non_euclidean_space_ray_tracing\proceduray\samples\desktop\d3d12raytracing\build_vs16\x64\release\output\core\compiledshaders\dofpass2cs.h
c:\users\dsilva.vinicius\documents\non_euclidean_space_ray_tracing\proceduray\samples\desktop\d3d12raytracing\build_vs16\x64\release\output\core\compiledshaders\dofpass2debugcs.h
c:\users\dsilva.vinicius\documents\non_euclidean_space_ray_tracing\proceduray\samples\desktop\d3d12raytracing\build_vs16\x64\release\output\core\compiledshaders\dofpass2fastcs.h
c:\users\dsilva.vinicius\documents\non_euclidean_space_ray_tracing\proceduray\samples\desktop\d3d12raytracing\build_vs16\x64\release\output\core\compiledshaders\dofpass2fixupcs.h
c:\users\dsilva.vinicius\documents\non_euclidean_space_ray_tracing\proceduray\samples\desktop\d3d12raytracing\build_vs16\x64\release\output\core\compiledshaders\dofprefiltercs.h
c:\users\dsilva.vinicius\documents\non_euclidean_space_ray_tracing\proceduray\samples\desktop\d3d12raytracing\build_vs16\x64\release\output\core\compiledshaders\dofprefilterfastcs.h
c:\users\dsilva.vinicius\documents\non_euclidean_space_ray_tracing\proceduray\samples\desktop\d3d12raytracing\build_vs16\x64\release\output\core\compiledshaders\dofprefilterfixupcs.h
c:\users\dsilva.vinicius\documents\non_euclidean_space_ray_tracing\proceduray\samples\desktop\d3d12raytracing\build_vs16\x64\release\output\core\compiledshaders\doftilepasscs.h
c:\users\dsilva.vinicius\documents\non_euclidean_space_ray_tracing\proceduray\samples\desktop\d3d12raytracing\build_vs16\x64\release\output\core\compiledshaders\doftilepassfixupcs.h
c:\users\dsilva.vinicius\documents\non_euclidean_space_ray_tracing\proceduray\samples\desktop\d3d12raytracing\build_vs16\x64\release\output\core\compiledshaders\downsamplebloomallcs.h
c:\users\dsilva.vinicius\documents\non_euclidean_space_ray_tracing\proceduray\samples\desktop\d3d12raytracing\build_vs16\x64\release\output\core\compiledshaders\downsamplebloomcs.h
c:\users\dsilva.vinicius\documents\non_euclidean_space_ray_tracing\proceduray\samples\desktop\d3d12raytracing\build_vs16\x64\release\output\core\compiledshaders\extractlumacs.h
c:\users\dsilva.vinicius\documents\non_euclidean_space_ray_tracing\proceduray\samples\desktop\d3d12raytracing\build_vs16\x64\release\output\core\compiledshaders\fxaapass1_luma2_cs.h
c:\users\dsilva.vinicius\documents\non_euclidean_space_ray_tracing\proceduray\samples\desktop\d3d12raytracing\build_vs16\x64\release\output\core\compiledshaders\fxaapass1_luma_cs.h
c:\users\dsilva.vinicius\documents\non_euclidean_space_ray_tracing\proceduray\samples\desktop\d3d12raytracing\build_vs16\x64\release\output\core\compiledshaders\fxaapass1_rgb2_cs.h
c:\users\dsilva.vinicius\documents\non_euclidean_space_ray_tracing\proceduray\samples\desktop\d3d12raytracing\build_vs16\x64\release\output\core\compiledshaders\fxaapass1_rgb_cs.h
c:\users\dsilva.vinicius\documents\non_euclidean_space_ray_tracing\proceduray\samples\desktop\d3d12raytracing\build_vs16\x64\release\output\core\compiledshaders\fxaapass2h2cs.h
c:\users\dsilva.vinicius\documents\non_euclidean_space_ray_tracing\proceduray\samples\desktop\d3d12raytracing\build_vs16\x64\release\output\core\compiledshaders\fxaapass2hdebug2cs.h
c:\users\dsilva.vinicius\documents\non_euclidean_space_ray_tracing\proceduray\samples\desktop\d3d12raytracing\build_vs16\x64\release\output\core\compiledshaders\fxaapass2hdebugcs.h
c:\users\dsilva.vinicius\documents\non_euclidean_space_ray_tracing\proceduray\samples\desktop\d3d12raytracing\build_vs16\x64\release\output\core\compiledshaders\fxaapass2v2cs.h
c:\users\dsilva.vinicius\documents\non_euclidean_space_ray_tracing\proceduray\samples\desktop\d3d12raytracing\build_vs16\x64\release\output\core\compiledshaders\fxaapass2vdebug2cs.h
c:\users\dsilva.vinicius\documents\non_euclidean_space_ray_tracing\proceduray\samples\desktop\d3d12raytracing\build_vs16\x64\release\output\core\compiledshaders\fxaapass2vdebugcs.h
c:\users\dsilva.vinicius\documents\non_euclidean_space_ray_tracing\proceduray\samples\desktop\d3d12raytracing\build_vs16\x64\release\output\core\compiledshaders\generatehistogramcs.h
c:\users\dsilva.vinicius\documents\non_euclidean_space_ray_tracing\proceduray\samples\desktop\d3d12raytracing\build_vs16\x64\release\output\core\compiledshaders\fxaapass2hcs.h
c:\users\dsilva.vinicius\documents\non_euclidean_space_ray_tracing\proceduray\samples\desktop\d3d12raytracing\build_vs16\x64\release\output\core\compiledshaders\fxaapass2vcs.h
c:\users\dsilva.vinicius\documents\non_euclidean_space_ray_tracing\proceduray\samples\desktop\d3d12raytracing\build_vs16\x64\release\output\core\compiledshaders\generatemipsgammacs.h
c:\users\dsilva.vinicius\documents\non_euclidean_space_ray_tracing\proceduray\samples\desktop\d3d12raytracing\build_vs16\x64\release\output\core\compiledshaders\generatemipsgammaoddcs.h
c:\users\dsilva.vinicius\documents\non_euclidean_space_ray_tracing\proceduray\samples\desktop\d3d12raytracing\build_vs16\x64\release\output\core\compiledshaders\generatemipsgammaoddxcs.h
c:\users\dsilva.vinicius\documents\non_euclidean_space_ray_tracing\proceduray\samples\desktop\d3d12raytracing\build_vs16\x64\release\output\core\compiledshaders\generatemipsgammaoddycs.h
c:\users\dsilva.vinicius\documents\non_euclidean_space_ray_tracing\proceduray\samples\desktop\d3d12raytracing\build_vs16\x64\release\output\core\compiledshaders\generatemipslinearcs.h
c:\users\dsilva.vinicius\documents\non_euclidean_space_ray_tracing\proceduray\samples\desktop\d3d12raytracing\build_vs16\x64\release\output\core\compiledshaders\generatemipslinearoddcs.h
c:\users\dsilva.vinicius\documents\non_euclidean_space_ray_tracing\proceduray\samples\desktop\d3d12raytracing\build_vs16\x64\release\output\core\compiledshaders\generatemipslinearoddxcs.h
c:\users\dsilva.vinicius\documents\non_euclidean_space_ray_tracing\proceduray\samples\desktop\d3d12raytracing\build_vs16\x64\release\output\core\compiledshaders\generatemipslinearoddycs.h
c:\users\dsilva.vinicius\documents\non_euclidean_space_ray_tracing\proceduray\samples\desktop\d3d12raytracing\build_vs16\x64\release\output\core\compiledshaders\linearizedepthcs.h
c:\users\dsilva.vinicius\documents\non_euclidean_space_ray_tracing\proceduray\samples\desktop\d3d12raytracing\build_vs16\x64\release\output\core\compiledshaders\magnifypixelsps.h
c:\users\dsilva.vinicius\documents\non_euclidean_space_ray_tracing\proceduray\samples\desktop\d3d12raytracing\build_vs16\x64\release\output\core\compiledshaders\motionblurfinalpasscs.h
c:\users\dsilva.vinicius\documents\non_euclidean_space_ray_tracing\proceduray\samples\desktop\d3d12raytracing\build_vs16\x64\release\output\core\compiledshaders\motionblurfinalpassps.h
c:\users\dsilva.vinicius\documents\non_euclidean_space_ray_tracing\proceduray\samples\desktop\d3d12raytracing\build_vs16\x64\release\output\core\compiledshaders\motionblurprepasscs.h
c:\users\dsilva.vinicius\documents\non_euclidean_space_ray_tracing\proceduray\samples\desktop\d3d12raytracing\build_vs16\x64\release\output\core\compiledshaders\fxaaresolveworkqueuecs.h
c:\users\dsilva.vinicius\documents\non_euclidean_space_ray_tracing\proceduray\samples\desktop\d3d12raytracing\build_vs16\x64\release\output\core\compiledshaders\particlebincullingcs.h
c:\users\dsilva.vinicius\documents\non_euclidean_space_ray_tracing\proceduray\samples\desktop\d3d12raytracing\build_vs16\x64\release\output\core\compiledshaders\particledepthboundscs.h
c:\users\dsilva.vinicius\documents\non_euclidean_space_ray_tracing\proceduray\samples\desktop\d3d12raytracing\build_vs16\x64\release\output\core\compiledshaders\particledispatchindirectargscs.h
c:\users\dsilva.vinicius\documents\non_euclidean_space_ray_tracing\proceduray\samples\desktop\d3d12raytracing\build_vs16\x64\release\output\core\compiledshaders\particlefinaldispatchindirectargscs.h
c:\users\dsilva.vinicius\documents\non_euclidean_space_ray_tracing\proceduray\samples\desktop\d3d12raytracing\build_vs16\x64\release\output\core\compiledshaders\particlelargebincullingcs.h
c:\users\dsilva.vinicius\documents\non_euclidean_space_ray_tracing\proceduray\samples\desktop\d3d12raytracing\build_vs16\x64\release\output\core\compiledshaders\particlenosortvs.h
c:\users\dsilva.vinicius\documents\non_euclidean_space_ray_tracing\proceduray\samples\desktop\d3d12raytracing\build_vs16\x64\release\output\core\compiledshaders\particlepresortcs.h
c:\users\dsilva.vinicius\documents\non_euclidean_space_ray_tracing\proceduray\samples\desktop\d3d12raytracing\build_vs16\x64\release\output\core\compiledshaders\particleps.h
c:\users\dsilva.vinicius\documents\non_euclidean_space_ray_tracing\proceduray\samples\desktop\d3d12raytracing\build_vs16\x64\release\output\core\compiledshaders\particlesortindirectargscs.h
c:\users\dsilva.vinicius\documents\non_euclidean_space_ray_tracing\proceduray\samples\desktop\d3d12raytracing\build_vs16\x64\release\output\core\compiledshaders\particlespawncs.h
c:\users\dsilva.vinicius\documents\non_euclidean_space_ray_tracing\proceduray\samples\desktop\d3d12raytracing\build_vs16\x64\release\output\core\compiledshaders\particletilecullingcs.h
c:\users\dsilva.vinicius\documents\non_euclidean_space_ray_tracing\proceduray\samples\desktop\d3d12raytracing\build_vs16\x64\release\output\core\compiledshaders\particletilerender2cs.h
c:\users\dsilva.vinicius\documents\non_euclidean_space_ray_tracing\proceduray\samples\desktop\d3d12raytracing\build_vs16\x64\release\output\core\compiledshaders\particletilerendercs.h
c:\users\dsilva.vinicius\documents\non_euclidean_space_ray_tracing\proceduray\samples\desktop\d3d12raytracing\build_vs16\x64\release\output\core\compiledshaders\particletilerenderfast2cs.h
c:\users\dsilva.vinicius\documents\non_euclidean_space_ray_tracing\proceduray\samples\desktop\d3d12raytracing\build_vs16\x64\release\output\core\compiledshaders\particletilerenderfastcs.h
c:\users\dsilva.vinicius\documents\non_euclidean_space_ray_tracing\proceduray\samples\desktop\d3d12raytracing\build_vs16\x64\release\output\core\compiledshaders\particletilerenderfastdynamic2cs.h
c:\users\dsilva.vinicius\documents\non_euclidean_space_ray_tracing\proceduray\samples\desktop\d3d12raytracing\build_vs16\x64\release\output\core\compiledshaders\particletilerenderfastdynamiccs.h
c:\users\dsilva.vinicius\documents\non_euclidean_space_ray_tracing\proceduray\samples\desktop\d3d12raytracing\build_vs16\x64\release\output\core\compiledshaders\particletilerenderfastlowres2cs.h
c:\users\dsilva.vinicius\documents\non_euclidean_space_ray_tracing\proceduray\samples\desktop\d3d12raytracing\build_vs16\x64\release\output\core\compiledshaders\particletilerenderfastlowrescs.h
c:\users\dsilva.vinicius\documents\non_euclidean_space_ray_tracing\proceduray\samples\desktop\d3d12raytracing\build_vs16\x64\release\output\core\compiledshaders\particletilerenderslowdynamic2cs.h
c:\users\dsilva.vinicius\documents\non_euclidean_space_ray_tracing\proceduray\samples\desktop\d3d12raytracing\build_vs16\x64\release\output\core\compiledshaders\particletilerenderslowdynamiccs.h
c:\users\dsilva.vinicius\documents\non_euclidean_space_ray_tracing\proceduray\samples\desktop\d3d12raytracing\build_vs16\x64\release\output\core\compiledshaders\particletilerenderslowlowres2cs.h
c:\users\dsilva.vinicius\documents\non_euclidean_space_ray_tracing\proceduray\samples\desktop\d3d12raytracing\build_vs16\x64\release\output\core\compiledshaders\particletilerenderslowlowrescs.h
c:\users\dsilva.vinicius\documents\non_euclidean_space_ray_tracing\proceduray\samples\desktop\d3d12raytracing\build_vs16\x64\release\output\core\compiledshaders\particleupdatecs.h
c:\users\dsilva.vinicius\documents\non_euclidean_space_ray_tracing\proceduray\samples\desktop\d3d12raytracing\build_vs16\x64\release\output\core\compiledshaders\particlevs.h
c:\users\dsilva.vinicius\documents\non_euclidean_space_ray_tracing\proceduray\samples\desktop\d3d12raytracing\build_vs16\x64\release\output\core\compiledshaders\perfgraphbackgroundvs.h
c:\users\dsilva.vinicius\documents\non_euclidean_space_ray_tracing\proceduray\samples\desktop\d3d12raytracing\build_vs16\x64\release\output\core\compiledshaders\perfgraphps.h
c:\users\dsilva.vinicius\documents\non_euclidean_space_ray_tracing\proceduray\samples\desktop\d3d12raytracing\build_vs16\x64\release\output\core\compiledshaders\perfgraphvs.h
c:\users\dsilva.vinicius\documents\non_euclidean_space_ray_tracing\proceduray\samples\desktop\d3d12raytracing\build_vs16\x64\release\output\core\compiledshaders\presenthdrps.h
c:\users\dsilva.vinicius\documents\non_euclidean_space_ray_tracing\proceduray\samples\desktop\d3d12raytracing\build_vs16\x64\release\output\core\compiledshaders\presentsdrps.h
c:\users\dsilva.vinicius\documents\non_euclidean_space_ray_tracing\proceduray\samples\desktop\d3d12raytracing\build_vs16\x64\release\output\core\compiledshaders\resolvetaacs.h
c:\users\dsilva.vinicius\documents\non_euclidean_space_ray_tracing\proceduray\samples\desktop\d3d12raytracing\build_vs16\x64\release\output\core\compiledshaders\sharpeningupsamplegammaps.h
c:\users\dsilva.vinicius\documents\non_euclidean_space_ray_tracing\proceduray\samples\desktop\d3d12raytracing\build_vs16\x64\release\output\core\compiledshaders\sharpeningupsampleps.h
c:\users\dsilva.vinicius\documents\non_euclidean_space_ray_tracing\proceduray\samples\desktop\d3d12raytracing\build_vs16\x64\release\output\core\compiledshaders\sharpentaacs.h
c:\users\dsilva.vinicius\documents\non_euclidean_space_ray_tracing\proceduray\samples\desktop\d3d12raytracing\build_vs16\x64\release\output\core\compiledshaders\temporalblendcs.h
c:\users\dsilva.vinicius\documents\non_euclidean_space_ray_tracing\proceduray\samples\desktop\d3d12raytracing\build_vs16\x64\release\output\core\compiledshaders\textantialiasps.h
c:\users\dsilva.vinicius\documents\non_euclidean_space_ray_tracing\proceduray\samples\desktop\d3d12raytracing\build_vs16\x64\release\output\core\compiledshaders\textshadowps.h
c:\users\dsilva.vinicius\documents\non_euclidean_space_ray_tracing\proceduray\samples\desktop\d3d12raytracing\build_vs16\x64\release\output\core\compiledshaders\textvs.h
c:\users\dsilva.vinicius\documents\non_euclidean_space_ray_tracing\proceduray\samples\desktop\d3d12raytracing\build_vs16\x64\release\output\core\compiledshaders\screenquadvs.h
c:\users\dsilva.vinicius\documents\non_euclidean_space_ray_tracing\proceduray\samples\desktop\d3d12raytracing\build_vs16\x64\release\output\core\compiledshaders\tonemaphdr2cs.h
c:\users\dsilva.vinicius\documents\non_euclidean_space_ray_tracing\proceduray\samples\desktop\d3d12raytracing\build_vs16\x64\release\output\core\compiledshaders\tonemaphdrcs.h
c:\users\dsilva.vinicius\documents\non_euclidean_space_ray_tracing\proceduray\samples\desktop\d3d12raytracing\build_vs16\x64\release\output\core\compiledshaders\tonemap2cs.h
c:\users\dsilva.vinicius\documents\non_euclidean_space_ray_tracing\proceduray\samples\desktop\d3d12raytracing\build_vs16\x64\release\output\core\compiledshaders\tonemapcs.h
c:\users\dsilva.vinicius\documents\non_euclidean_space_ray_tracing\proceduray\samples\desktop\d3d12raytracing\build_vs16\x64\release\output\core\compiledshaders\upsampleandblurcs.h
c:\users\dsilva.vinicius\documents\non_euclidean_space_ray_tracing\proceduray\samples\desktop\d3d12raytracing\build_vs16\x64\release\output\core\core.lib
c:\users\dsilva.vinicius\documents\non_euclidean_space_ray_tracing\proceduray\proceduray\build_vs16\x64\release\intermediate\core\bitonicsort.obj
c:\users\dsilva.vinicius\documents\non_euclidean_space_ray_tracing\proceduray\proceduray\build_vs16\x64\release\intermediate\core\buddyallocator.obj
c:\users\dsilva.vinicius\documents\non_euclidean_space_ray_tracing\proceduray\proceduray\build_vs16\x64\release\intermediate\core\buffermanager.obj
c:\users\dsilva.vinicius\documents\non_euclidean_space_ray_tracing\proceduray\proceduray\build_vs16\x64\release\intermediate\core\camera.obj
c:\users\dsilva.vinicius\documents\non_euclidean_space_ray_tracing\proceduray\proceduray\build_vs16\x64\release\intermediate\core\cameracontroller.obj
c:\users\dsilva.vinicius\documents\non_euclidean_space_ray_tracing\proceduray\proceduray\build_vs16\x64\release\intermediate\core\color.obj
c:\users\dsilva.vinicius\documents\non_euclidean_space_ray_tracing\proceduray\proceduray\build_vs16\x64\release\intermediate\core\colorbuffer.obj
c:\users\dsilva.vinicius\documents\non_euclidean_space_ray_tracing\proceduray\proceduray\build_vs16\x64\release\intermediate\core\commandallocatorpool.obj
c:\users\dsilva.vinicius\documents\non_euclidean_space_ray_tracing\proceduray\proceduray\build_vs16\x64\release\intermediate\core\commandcontext.obj
c:\users\dsilva.vinicius\documents\non_euclidean_space_ray_tracing\proceduray\proceduray\build_vs16\x64\release\intermediate\core\commandlistmanager.obj
c:\users\dsilva.vinicius\documents\non_euclidean_space_ray_tracing\proceduray\proceduray\build_vs16\x64\release\intermediate\core\commandsignature.obj
c:\users\dsilva.vinicius\documents\non_euclidean_space_ray_tracing\proceduray\proceduray\build_vs16\x64\release\intermediate\core\ddstextureloader.obj
c:\users\dsilva.vinicius\documents\non_euclidean_space_ray_tracing\proceduray\proceduray\build_vs16\x64\release\intermediate\core\depthbuffer.obj
c:\users\dsilva.vinicius\documents\non_euclidean_space_ray_tracing\proceduray\proceduray\build_vs16\x64\release\intermediate\core\depthoffield.obj
c:\users\dsilva.vinicius\documents\non_euclidean_space_ray_tracing\proceduray\proceduray\build_vs16\x64\release\intermediate\core\descriptorheap.obj
c:\users\dsilva.vinicius\documents\non_euclidean_space_ray_tracing\proceduray\proceduray\build_vs16\x64\release\intermediate\core\dynamicdescriptorheap.obj
c:\users\dsilva.vinicius\documents\non_euclidean_space_ray_tracing\proceduray\proceduray\build_vs16\x64\release\intermediate\core\dynamicuploadbuffer.obj
c:\users\dsilva.vinicius\documents\non_euclidean_space_ray_tracing\proceduray\proceduray\build_vs16\x64\release\intermediate\core\engineprofiling.obj
c:\users\dsilva.vinicius\documents\non_euclidean_space_ray_tracing\proceduray\proceduray\build_vs16\x64\release\intermediate\core\enginetuning.obj
c:\users\dsilva.vinicius\documents\non_euclidean_space_ray_tracing\proceduray\proceduray\build_vs16\x64\release\intermediate\core\fileutility.obj
c:\users\dsilva.vinicius\documents\non_euclidean_space_ray_tracing\proceduray\proceduray\build_vs16\x64\release\intermediate\core\frustum.obj
c:\users\dsilva.vinicius\documents\non_euclidean_space_ray_tracing\proceduray\proceduray\build_vs16\x64\release\intermediate\core\fxaa.obj
c:\users\dsilva.vinicius\documents\non_euclidean_space_ray_tracing\proceduray\proceduray\build_vs16\x64\release\intermediate\core\gamecore.obj
c:\users\dsilva.vinicius\documents\non_euclidean_space_ray_tracing\proceduray\proceduray\build_vs16\x64\release\intermediate\core\gameinput.obj
c:\users\dsilva.vinicius\documents\non_euclidean_space_ray_tracing\proceduray\proceduray\build_vs16\x64\release\intermediate\core\gpubuffer.obj
c:\users\dsilva.vinicius\documents\non_euclidean_space_ray_tracing\proceduray\proceduray\build_vs16\x64\release\intermediate\core\gputimemanager.obj
c:\users\dsilva.vinicius\documents\non_euclidean_space_ray_tracing\proceduray\proceduray\build_vs16\x64\release\intermediate\core\graphicscommon.obj
c:\users\dsilva.vinicius\documents\non_euclidean_space_ray_tracing\proceduray\proceduray\build_vs16\x64\release\intermediate\core\graphicscore.obj
c:\users\dsilva.vinicius\documents\non_euclidean_space_ray_tracing\proceduray\proceduray\build_vs16\x64\release\intermediate\core\graphrenderer.obj
c:\users\dsilva.vinicius\documents\non_euclidean_space_ray_tracing\proceduray\proceduray\build_vs16\x64\release\intermediate\core\linearallocator.obj
c:\users\dsilva.vinicius\documents\non_euclidean_space_ray_tracing\proceduray\proceduray\build_vs16\x64\release\intermediate\core\motionblur.obj
c:\users\dsilva.vinicius\documents\non_euclidean_space_ray_tracing\proceduray\proceduray\build_vs16\x64\release\intermediate\core\particleeffect.obj
c:\users\dsilva.vinicius\documents\non_euclidean_space_ray_tracing\proceduray\proceduray\build_vs16\x64\release\intermediate\core\particleeffectmanager.obj
c:\users\dsilva.vinicius\documents\non_euclidean_space_ray_tracing\proceduray\proceduray\build_vs16\x64\release\intermediate\core\particleemissionproperties.obj
c:\users\dsilva.vinicius\documents\non_euclidean_space_ray_tracing\proceduray\proceduray\build_vs16\x64\release\intermediate\core\pch.obj
c:\users\dsilva.vinicius\documents\non_euclidean_space_ray_tracing\proceduray\proceduray\build_vs16\x64\release\intermediate\core\pipelinestate.obj
c:\users\dsilva.vinicius\documents\non_euclidean_space_ray_tracing\proceduray\proceduray\build_vs16\x64\release\intermediate\core\pixelbuffer.obj
c:\users\dsilva.vinicius\documents\non_euclidean_space_ray_tracing\proceduray\proceduray\build_vs16\x64\release\intermediate\core\posteffects.obj
c:\users\dsilva.vinicius\documents\non_euclidean_space_ray_tracing\proceduray\proceduray\build_vs16\x64\release\intermediate\core\random.obj
c:\users\dsilva.vinicius\documents\non_euclidean_space_ray_tracing\proceduray\proceduray\build_vs16\x64\release\intermediate\core\readbackbuffer.obj
c:\users\dsilva.vinicius\documents\non_euclidean_space_ray_tracing\proceduray\proceduray\build_vs16\x64\release\intermediate\core\rootsignature.obj
c:\users\dsilva.vinicius\documents\non_euclidean_space_ray_tracing\proceduray\proceduray\build_vs16\x64\release\intermediate\core\samplermanager.obj
c:\users\dsilva.vinicius\documents\non_euclidean_space_ray_tracing\proceduray\proceduray\build_vs16\x64\release\intermediate\core\shadowbuffer.obj
c:\users\dsilva.vinicius\documents\non_euclidean_space_ray_tracing\proceduray\proceduray\build_vs16\x64\release\intermediate\core\shadowcamera.obj
c:\users\dsilva.vinicius\documents\non_euclidean_space_ray_tracing\proceduray\proceduray\build_vs16\x64\release\intermediate\core\ssao.obj
c:\users\dsilva.vinicius\documents\non_euclidean_space_ray_tracing\proceduray\proceduray\build_vs16\x64\release\intermediate\core\systemtime.obj
c:\users\dsilva.vinicius\documents\non_euclidean_space_ray_tracing\proceduray\proceduray\build_vs16\x64\release\intermediate\core\temporaleffects.obj
c:\users\dsilva.vinicius\documents\non_euclidean_space_ray_tracing\proceduray\proceduray\build_vs16\x64\release\intermediate\core\textrenderer.obj
c:\users\dsilva.vinicius\documents\non_euclidean_space_ray_tracing\proceduray\proceduray\build_vs16\x64\release\intermediate\core\texturemanager.obj
c:\users\dsilva.vinicius\documents\non_euclidean_space_ray_tracing\proceduray\proceduray\build_vs16\x64\release\intermediate\core\utility.obj
c:\users\dsilva.vinicius\documents\non_euclidean_space_ray_tracing\proceduray\proceduray\build_vs16\x64\release\intermediate\core\core.pch
c:\users\dsilva.vinicius\documents\non_euclidean_space_ray_tracing\proceduray\proceduray\src\..\build_vs16\x64\release\output\core\core.pdb
c:\users\dsilva.vinicius\documents\non_euclidean_space_ray_tracing\proceduray\proceduray\build_vs16\x64\release\output\core\core.lib
c:\users\dsilva.vinicius\documents\non_euclidean_space_ray_tracing\proceduray\proceduray\build_vs16\x64\release\intermediate\core\core.tlog\cl.command.1.tlog
c:\users\dsilva.vinicius\documents\non_euclidean_space_ray_tracing\proceduray\proceduray\build_vs16\x64\release\intermediate\core\core.tlog\cl.read.1.tlog
c:\users\dsilva.vinicius\documents\non_euclidean_space_ray_tracing\proceduray\proceduray\build_vs16\x64\release\intermediate\core\core.tlog\cl.write.1.tlog
c:\users\dsilva.vinicius\documents\non_euclidean_space_ray_tracing\proceduray\proceduray\build_vs16\x64\release\intermediate\core\core.tlog\fxc.command.1.tlog
c:\users\dsilva.vinicius\documents\non_euclidean_space_ray_tracing\proceduray\proceduray\build_vs16\x64\release\intermediate\core\core.tlog\fxc.read.1.tlog
c:\users\dsilva.vinicius\documents\non_euclidean_space_ray_tracing\proceduray\proceduray\build_vs16\x64\release\intermediate\core\core.tlog\fxc.write.1.tlog
c:\users\dsilva.vinicius\documents\non_euclidean_space_ray_tracing\proceduray\proceduray\build_vs16\x64\release\intermediate\core\core.tlog\lib-link.read.1.tlog
c:\users\dsilva.vinicius\documents\non_euclidean_space_ray_tracing\proceduray\proceduray\build_vs16\x64\release\intermediate\core\core.tlog\lib-link.write.1.tlog
c:\users\dsilva.vinicius\documents\non_euclidean_space_ray_tracing\proceduray\proceduray\build_vs16\x64\release\intermediate\core\core.tlog\lib.command.1.tlog
