  compilation header save succeeded; see C:\Users\dsilva.vinicius\Documents\non_euclidean_space_ray_tracing\Proceduray\Proceduray\Build_VS16\x64\Release\Output\Core\CompiledShaders\AdaptExposureCS.h
  compilation header save succeeded; see C:\Users\dsilva.vinicius\Documents\non_euclidean_space_ray_tracing\Proceduray\Proceduray\Build_VS16\x64\Release\Output\Core\CompiledShaders\AoBlurUpsampleBlendOutCS.h
  compilation header save succeeded; see C:\Users\dsilva.vinicius\Documents\non_euclidean_space_ray_tracing\Proceduray\Proceduray\Build_VS16\x64\Release\Output\Core\CompiledShaders\AoBlurUpsampleCS.h
  compilation header save succeeded; see C:\Users\dsilva.vinicius\Documents\non_euclidean_space_ray_tracing\Proceduray\Proceduray\Build_VS16\x64\Release\Output\Core\CompiledShaders\AoBlurUpsamplePreMinBlendOutCS.h
  compilation header save succeeded; see C:\Users\dsilva.vinicius\Documents\non_euclidean_space_ray_tracing\Proceduray\Proceduray\Build_VS16\x64\Release\Output\Core\CompiledShaders\AoBlurUpsamplePreMinCS.h
  compilation header save succeeded; see C:\Users\dsilva.vinicius\Documents\non_euclidean_space_ray_tracing\Proceduray\Proceduray\Build_VS16\x64\Release\Output\Core\CompiledShaders\AoPrepareDepthBuffers1CS.h
  compilation header save succeeded; see C:\Users\dsilva.vinicius\Documents\non_euclidean_space_ray_tracing\Proceduray\Proceduray\Build_VS16\x64\Release\Output\Core\CompiledShaders\AoPrepareDepthBuffers2CS.h
  compilation header save succeeded; see C:\Users\dsilva.vinicius\Documents\non_euclidean_space_ray_tracing\Proceduray\Proceduray\Build_VS16\x64\Release\Output\Core\CompiledShaders\AoRender1CS.h
  compilation header save succeeded; see C:\Users\dsilva.vinicius\Documents\non_euclidean_space_ray_tracing\Proceduray\Proceduray\Build_VS16\x64\Release\Output\Core\CompiledShaders\AoRender2CS.h
  compilation header save succeeded; see C:\Users\dsilva.vinicius\Documents\non_euclidean_space_ray_tracing\Proceduray\Proceduray\Build_VS16\x64\Release\Output\Core\CompiledShaders\ApplyBloom2CS.h
  compilation header save succeeded; see C:\Users\dsilva.vinicius\Documents\non_euclidean_space_ray_tracing\Proceduray\Proceduray\Build_VS16\x64\Release\Output\Core\CompiledShaders\ApplyBloomCS.h
  compilation header save succeeded; see C:\Users\dsilva.vinicius\Documents\non_euclidean_space_ray_tracing\Proceduray\Proceduray\Build_VS16\x64\Release\Output\Core\CompiledShaders\AverageLumaCS.h
  compilation header save succeeded; see C:\Users\dsilva.vinicius\Documents\non_euclidean_space_ray_tracing\Proceduray\Proceduray\Build_VS16\x64\Release\Output\Core\CompiledShaders\BicubicHorizontalUpsamplePS.h
  compilation header save succeeded; see C:\Users\dsilva.vinicius\Documents\non_euclidean_space_ray_tracing\Proceduray\Proceduray\Build_VS16\x64\Release\Output\Core\CompiledShaders\BicubicUpsampleGammaPS.h
  compilation header save succeeded; see C:\Users\dsilva.vinicius\Documents\non_euclidean_space_ray_tracing\Proceduray\Proceduray\Build_VS16\x64\Release\Output\Core\CompiledShaders\BicubicUpsamplePS.h
  compilation header save succeeded; see C:\Users\dsilva.vinicius\Documents\non_euclidean_space_ray_tracing\Proceduray\Proceduray\Build_VS16\x64\Release\Output\Core\CompiledShaders\BicubicVerticalUpsamplePS.h
  compilation header save succeeded; see C:\Users\dsilva.vinicius\Documents\non_euclidean_space_ray_tracing\Proceduray\Proceduray\Build_VS16\x64\Release\Output\Core\CompiledShaders\BilinearUpsamplePS.h
  compilation header save succeeded; see C:\Users\dsilva.vinicius\Documents\non_euclidean_space_ray_tracing\Proceduray\Proceduray\Build_VS16\x64\Release\Output\Core\CompiledShaders\Bitonic32InnerSortCS.h
  compilation header save succeeded; see C:\Users\dsilva.vinicius\Documents\non_euclidean_space_ray_tracing\Proceduray\Proceduray\Build_VS16\x64\Release\Output\Core\CompiledShaders\Bitonic32OuterSortCS.h
  compilation header save succeeded; see C:\Users\dsilva.vinicius\Documents\non_euclidean_space_ray_tracing\Proceduray\Proceduray\Build_VS16\x64\Release\Output\Core\CompiledShaders\Bitonic32PreSortCS.h
  compilation header save succeeded; see C:\Users\dsilva.vinicius\Documents\non_euclidean_space_ray_tracing\Proceduray\Proceduray\Build_VS16\x64\Release\Output\Core\CompiledShaders\Bitonic64InnerSortCS.h
  compilation header save succeeded; see C:\Users\dsilva.vinicius\Documents\non_euclidean_space_ray_tracing\Proceduray\Proceduray\Build_VS16\x64\Release\Output\Core\CompiledShaders\Bitonic64OuterSortCS.h
  compilation header save succeeded; see C:\Users\dsilva.vinicius\Documents\non_euclidean_space_ray_tracing\Proceduray\Proceduray\Build_VS16\x64\Release\Output\Core\CompiledShaders\Bitonic64PreSortCS.h
  compilation header save succeeded; see C:\Users\dsilva.vinicius\Documents\non_euclidean_space_ray_tracing\Proceduray\Proceduray\Build_VS16\x64\Release\Output\Core\CompiledShaders\BitonicIndirectArgsCS.h
  compilation header save succeeded; see C:\Users\dsilva.vinicius\Documents\non_euclidean_space_ray_tracing\Proceduray\Proceduray\Build_VS16\x64\Release\Output\Core\CompiledShaders\BloomExtractAndDownsampleHdrCS.h
  compilation header save succeeded; see C:\Users\dsilva.vinicius\Documents\non_euclidean_space_ray_tracing\Proceduray\Proceduray\Build_VS16\x64\Release\Output\Core\CompiledShaders\BloomExtractAndDownsampleLdrCS.h
  compilation header save succeeded; see C:\Users\dsilva.vinicius\Documents\non_euclidean_space_ray_tracing\Proceduray\Proceduray\Build_VS16\x64\Release\Output\Core\CompiledShaders\BlurCS.h
  compilation header save succeeded; see C:\Users\dsilva.vinicius\Documents\non_euclidean_space_ray_tracing\Proceduray\Proceduray\Build_VS16\x64\Release\Output\Core\CompiledShaders\BoundNeighborhoodCS.h
  compilation header save succeeded; see C:\Users\dsilva.vinicius\Documents\non_euclidean_space_ray_tracing\Proceduray\Proceduray\Build_VS16\x64\Release\Output\Core\CompiledShaders\BufferCopyPS.h
  compilation header save succeeded; see C:\Users\dsilva.vinicius\Documents\non_euclidean_space_ray_tracing\Proceduray\Proceduray\Build_VS16\x64\Release\Output\Core\CompiledShaders\CameraMotionBlurPrePassCS.h
  compilation header save succeeded; see C:\Users\dsilva.vinicius\Documents\non_euclidean_space_ray_tracing\Proceduray\Proceduray\Build_VS16\x64\Release\Output\Core\CompiledShaders\CameraMotionBlurPrePassLinearZCS.h
  compilation header save succeeded; see C:\Users\dsilva.vinicius\Documents\non_euclidean_space_ray_tracing\Proceduray\Proceduray\Build_VS16\x64\Release\Output\Core\CompiledShaders\CameraVelocityCS.h
  compilation header save succeeded; see C:\Users\dsilva.vinicius\Documents\non_euclidean_space_ray_tracing\Proceduray\Proceduray\Build_VS16\x64\Release\Output\Core\CompiledShaders\CopyBackPostBufferCS.h
  compilation header save succeeded; see C:\Users\dsilva.vinicius\Documents\non_euclidean_space_ray_tracing\Proceduray\Proceduray\Build_VS16\x64\Release\Output\Core\CompiledShaders\DebugDrawHistogramCS.h
  compilation header save succeeded; see C:\Users\dsilva.vinicius\Documents\non_euclidean_space_ray_tracing\Proceduray\Proceduray\Build_VS16\x64\Release\Output\Core\CompiledShaders\DebugLuminanceHdr2CS.h
  compilation header save succeeded; see C:\Users\dsilva.vinicius\Documents\non_euclidean_space_ray_tracing\Proceduray\Proceduray\Build_VS16\x64\Release\Output\Core\CompiledShaders\DebugLuminanceHdrCS.h
  compilation header save succeeded; see C:\Users\dsilva.vinicius\Documents\non_euclidean_space_ray_tracing\Proceduray\Proceduray\Build_VS16\x64\Release\Output\Core\CompiledShaders\DebugLuminanceLdr2CS.h
  compilation header save succeeded; see C:\Users\dsilva.vinicius\Documents\non_euclidean_space_ray_tracing\Proceduray\Proceduray\Build_VS16\x64\Release\Output\Core\CompiledShaders\DebugLuminanceLdrCS.h
  compilation header save succeeded; see C:\Users\dsilva.vinicius\Documents\non_euclidean_space_ray_tracing\Proceduray\Proceduray\Build_VS16\x64\Release\Output\Core\CompiledShaders\DebugSSAOCS.h
  compilation header save succeeded; see C:\Users\dsilva.vinicius\Documents\non_euclidean_space_ray_tracing\Proceduray\Proceduray\Build_VS16\x64\Release\Output\Core\CompiledShaders\DoFCombine2CS.h
  compilation header save succeeded; see C:\Users\dsilva.vinicius\Documents\non_euclidean_space_ray_tracing\Proceduray\Proceduray\Build_VS16\x64\Release\Output\Core\CompiledShaders\DoFCombineCS.h
  compilation header save succeeded; see C:\Users\dsilva.vinicius\Documents\non_euclidean_space_ray_tracing\Proceduray\Proceduray\Build_VS16\x64\Release\Output\Core\CompiledShaders\DoFCombineFast2CS.h
  compilation header save succeeded; see C:\Users\dsilva.vinicius\Documents\non_euclidean_space_ray_tracing\Proceduray\Proceduray\Build_VS16\x64\Release\Output\Core\CompiledShaders\DoFCombineFastCS.h
  compilation header save succeeded; see C:\Users\dsilva.vinicius\Documents\non_euclidean_space_ray_tracing\Proceduray\Proceduray\Build_VS16\x64\Release\Output\Core\CompiledShaders\DoFDebugBlueCS.h
  compilation header save succeeded; see C:\Users\dsilva.vinicius\Documents\non_euclidean_space_ray_tracing\Proceduray\Proceduray\Build_VS16\x64\Release\Output\Core\CompiledShaders\DoFDebugGreenCS.h
  compilation header save succeeded; see C:\Users\dsilva.vinicius\Documents\non_euclidean_space_ray_tracing\Proceduray\Proceduray\Build_VS16\x64\Release\Output\Core\CompiledShaders\DoFDebugRedCS.h
  compilation header save succeeded; see C:\Users\dsilva.vinicius\Documents\non_euclidean_space_ray_tracing\Proceduray\Proceduray\Build_VS16\x64\Release\Output\Core\CompiledShaders\DoFMedianFilterCS.h
  compilation header save succeeded; see C:\Users\dsilva.vinicius\Documents\non_euclidean_space_ray_tracing\Proceduray\Proceduray\Build_VS16\x64\Release\Output\Core\CompiledShaders\DoFMedianFilterFixupCS.h
  compilation header save succeeded; see C:\Users\dsilva.vinicius\Documents\non_euclidean_space_ray_tracing\Proceduray\Proceduray\Build_VS16\x64\Release\Output\Core\CompiledShaders\DoFMedianFilterSepAlphaCS.h
  compilation header save succeeded; see C:\Users\dsilva.vinicius\Documents\non_euclidean_space_ray_tracing\Proceduray\Proceduray\Build_VS16\x64\Release\Output\Core\CompiledShaders\DoFPass1CS.h
  compilation header save succeeded; see C:\Users\dsilva.vinicius\Documents\non_euclidean_space_ray_tracing\Proceduray\Proceduray\Build_VS16\x64\Release\Output\Core\CompiledShaders\DoFPass2CS.h
  compilation header save succeeded; see C:\Users\dsilva.vinicius\Documents\non_euclidean_space_ray_tracing\Proceduray\Proceduray\Build_VS16\x64\Release\Output\Core\CompiledShaders\DoFPass2DebugCS.h
  compilation header save succeeded; see C:\Users\dsilva.vinicius\Documents\non_euclidean_space_ray_tracing\Proceduray\Proceduray\Build_VS16\x64\Release\Output\Core\CompiledShaders\DoFPass2FastCS.h
  compilation header save succeeded; see C:\Users\dsilva.vinicius\Documents\non_euclidean_space_ray_tracing\Proceduray\Proceduray\Build_VS16\x64\Release\Output\Core\CompiledShaders\DoFPass2FixupCS.h
  compilation header save succeeded; see C:\Users\dsilva.vinicius\Documents\non_euclidean_space_ray_tracing\Proceduray\Proceduray\Build_VS16\x64\Release\Output\Core\CompiledShaders\DoFPreFilterCS.h
  compilation header save succeeded; see C:\Users\dsilva.vinicius\Documents\non_euclidean_space_ray_tracing\Proceduray\Proceduray\Build_VS16\x64\Release\Output\Core\CompiledShaders\DoFPreFilterFastCS.h
  compilation header save succeeded; see C:\Users\dsilva.vinicius\Documents\non_euclidean_space_ray_tracing\Proceduray\Proceduray\Build_VS16\x64\Release\Output\Core\CompiledShaders\DoFPreFilterFixupCS.h
  compilation header save succeeded; see C:\Users\dsilva.vinicius\Documents\non_euclidean_space_ray_tracing\Proceduray\Proceduray\Build_VS16\x64\Release\Output\Core\CompiledShaders\DoFTilePassCS.h
  compilation header save succeeded; see C:\Users\dsilva.vinicius\Documents\non_euclidean_space_ray_tracing\Proceduray\Proceduray\Build_VS16\x64\Release\Output\Core\CompiledShaders\DoFTilePassFixupCS.h
  compilation header save succeeded; see C:\Users\dsilva.vinicius\Documents\non_euclidean_space_ray_tracing\Proceduray\Proceduray\Build_VS16\x64\Release\Output\Core\CompiledShaders\DownsampleBloomAllCS.h
  compilation header save succeeded; see C:\Users\dsilva.vinicius\Documents\non_euclidean_space_ray_tracing\Proceduray\Proceduray\Build_VS16\x64\Release\Output\Core\CompiledShaders\DownsampleBloomCS.h
  compilation header save succeeded; see C:\Users\dsilva.vinicius\Documents\non_euclidean_space_ray_tracing\Proceduray\Proceduray\Build_VS16\x64\Release\Output\Core\CompiledShaders\ExtractLumaCS.h
  compilation header save succeeded; see C:\Users\dsilva.vinicius\Documents\non_euclidean_space_ray_tracing\Proceduray\Proceduray\Build_VS16\x64\Release\Output\Core\CompiledShaders\FXAAPass1_Luma2_CS.h
  compilation header save succeeded; see C:\Users\dsilva.vinicius\Documents\non_euclidean_space_ray_tracing\Proceduray\Proceduray\Build_VS16\x64\Release\Output\Core\CompiledShaders\FXAAPass1_Luma_CS.h
  compilation header save succeeded; see C:\Users\dsilva.vinicius\Documents\non_euclidean_space_ray_tracing\Proceduray\Proceduray\Build_VS16\x64\Release\Output\Core\CompiledShaders\FXAAPass1_RGB2_CS.h
  compilation header save succeeded; see C:\Users\dsilva.vinicius\Documents\non_euclidean_space_ray_tracing\Proceduray\Proceduray\Build_VS16\x64\Release\Output\Core\CompiledShaders\FXAAPass1_RGB_CS.h
  compilation header save succeeded; see C:\Users\dsilva.vinicius\Documents\non_euclidean_space_ray_tracing\Proceduray\Proceduray\Build_VS16\x64\Release\Output\Core\CompiledShaders\FXAAPass2H2CS.h
  compilation header save succeeded; see C:\Users\dsilva.vinicius\Documents\non_euclidean_space_ray_tracing\Proceduray\Proceduray\Build_VS16\x64\Release\Output\Core\CompiledShaders\FXAAPass2HDebug2CS.h
  compilation header save succeeded; see C:\Users\dsilva.vinicius\Documents\non_euclidean_space_ray_tracing\Proceduray\Proceduray\Build_VS16\x64\Release\Output\Core\CompiledShaders\FXAAPass2HDebugCS.h
  compilation header save succeeded; see C:\Users\dsilva.vinicius\Documents\non_euclidean_space_ray_tracing\Proceduray\Proceduray\Build_VS16\x64\Release\Output\Core\CompiledShaders\FXAAPass2V2CS.h
  compilation header save succeeded; see C:\Users\dsilva.vinicius\Documents\non_euclidean_space_ray_tracing\Proceduray\Proceduray\Build_VS16\x64\Release\Output\Core\CompiledShaders\FXAAPass2VDebug2CS.h
  compilation header save succeeded; see C:\Users\dsilva.vinicius\Documents\non_euclidean_space_ray_tracing\Proceduray\Proceduray\Build_VS16\x64\Release\Output\Core\CompiledShaders\FXAAPass2VDebugCS.h
  compilation header save succeeded; see C:\Users\dsilva.vinicius\Documents\non_euclidean_space_ray_tracing\Proceduray\Proceduray\Build_VS16\x64\Release\Output\Core\CompiledShaders\GenerateHistogramCS.h
  compilation header save succeeded; see C:\Users\dsilva.vinicius\Documents\non_euclidean_space_ray_tracing\Proceduray\Proceduray\Build_VS16\x64\Release\Output\Core\CompiledShaders\FXAAPass2HCS.h
  compilation header save succeeded; see C:\Users\dsilva.vinicius\Documents\non_euclidean_space_ray_tracing\Proceduray\Proceduray\Build_VS16\x64\Release\Output\Core\CompiledShaders\FXAAPass2VCS.h
  compilation header save succeeded; see C:\Users\dsilva.vinicius\Documents\non_euclidean_space_ray_tracing\Proceduray\Proceduray\Build_VS16\x64\Release\Output\Core\CompiledShaders\GenerateMipsGammaCS.h
  compilation header save succeeded; see C:\Users\dsilva.vinicius\Documents\non_euclidean_space_ray_tracing\Proceduray\Proceduray\Build_VS16\x64\Release\Output\Core\CompiledShaders\GenerateMipsGammaOddCS.h
  compilation header save succeeded; see C:\Users\dsilva.vinicius\Documents\non_euclidean_space_ray_tracing\Proceduray\Proceduray\Build_VS16\x64\Release\Output\Core\CompiledShaders\GenerateMipsGammaOddXCS.h
  compilation header save succeeded; see C:\Users\dsilva.vinicius\Documents\non_euclidean_space_ray_tracing\Proceduray\Proceduray\Build_VS16\x64\Release\Output\Core\CompiledShaders\GenerateMipsGammaOddYCS.h
  compilation header save succeeded; see C:\Users\dsilva.vinicius\Documents\non_euclidean_space_ray_tracing\Proceduray\Proceduray\Build_VS16\x64\Release\Output\Core\CompiledShaders\GenerateMipsLinearCS.h
  compilation header save succeeded; see C:\Users\dsilva.vinicius\Documents\non_euclidean_space_ray_tracing\Proceduray\Proceduray\Build_VS16\x64\Release\Output\Core\CompiledShaders\GenerateMipsLinearOddCS.h
  compilation header save succeeded; see C:\Users\dsilva.vinicius\Documents\non_euclidean_space_ray_tracing\Proceduray\Proceduray\Build_VS16\x64\Release\Output\Core\CompiledShaders\GenerateMipsLinearOddXCS.h
  compilation header save succeeded; see C:\Users\dsilva.vinicius\Documents\non_euclidean_space_ray_tracing\Proceduray\Proceduray\Build_VS16\x64\Release\Output\Core\CompiledShaders\GenerateMipsLinearOddYCS.h
  compilation header save succeeded; see C:\Users\dsilva.vinicius\Documents\non_euclidean_space_ray_tracing\Proceduray\Proceduray\Build_VS16\x64\Release\Output\Core\CompiledShaders\LinearizeDepthCS.h
  compilation header save succeeded; see C:\Users\dsilva.vinicius\Documents\non_euclidean_space_ray_tracing\Proceduray\Proceduray\Build_VS16\x64\Release\Output\Core\CompiledShaders\MagnifyPixelsPS.h
  compilation header save succeeded; see C:\Users\dsilva.vinicius\Documents\non_euclidean_space_ray_tracing\Proceduray\Proceduray\Build_VS16\x64\Release\Output\Core\CompiledShaders\MotionBlurFinalPassCS.h
  compilation header save succeeded; see C:\Users\dsilva.vinicius\Documents\non_euclidean_space_ray_tracing\Proceduray\Proceduray\Build_VS16\x64\Release\Output\Core\CompiledShaders\MotionBlurFinalPassPS.h
  compilation header save succeeded; see C:\Users\dsilva.vinicius\Documents\non_euclidean_space_ray_tracing\Proceduray\Proceduray\Build_VS16\x64\Release\Output\Core\CompiledShaders\MotionBlurPrePassCS.h
  compilation header save succeeded; see C:\Users\dsilva.vinicius\Documents\non_euclidean_space_ray_tracing\Proceduray\Proceduray\Build_VS16\x64\Release\Output\Core\CompiledShaders\FXAAResolveWorkQueueCS.h
  compilation header save succeeded; see C:\Users\dsilva.vinicius\Documents\non_euclidean_space_ray_tracing\Proceduray\Proceduray\Build_VS16\x64\Release\Output\Core\CompiledShaders\ParticleBinCullingCS.h
  compilation header save succeeded; see C:\Users\dsilva.vinicius\Documents\non_euclidean_space_ray_tracing\Proceduray\Proceduray\Build_VS16\x64\Release\Output\Core\CompiledShaders\ParticleDepthBoundsCS.h
  compilation header save succeeded; see C:\Users\dsilva.vinicius\Documents\non_euclidean_space_ray_tracing\Proceduray\Proceduray\Build_VS16\x64\Release\Output\Core\CompiledShaders\ParticleDispatchIndirectArgsCS.h
  compilation header save succeeded; see C:\Users\dsilva.vinicius\Documents\non_euclidean_space_ray_tracing\Proceduray\Proceduray\Build_VS16\x64\Release\Output\Core\CompiledShaders\ParticleFinalDispatchIndirectArgsCS.h
  compilation header save succeeded; see C:\Users\dsilva.vinicius\Documents\non_euclidean_space_ray_tracing\Proceduray\Proceduray\Build_VS16\x64\Release\Output\Core\CompiledShaders\ParticleLargeBinCullingCS.h
  compilation header save succeeded; see C:\Users\dsilva.vinicius\Documents\non_euclidean_space_ray_tracing\Proceduray\Proceduray\Build_VS16\x64\Release\Output\Core\CompiledShaders\ParticleNoSortVS.h
  compilation header save succeeded; see C:\Users\dsilva.vinicius\Documents\non_euclidean_space_ray_tracing\Proceduray\Proceduray\Build_VS16\x64\Release\Output\Core\CompiledShaders\ParticlePreSortCS.h
  compilation header save succeeded; see C:\Users\dsilva.vinicius\Documents\non_euclidean_space_ray_tracing\Proceduray\Proceduray\Build_VS16\x64\Release\Output\Core\CompiledShaders\ParticlePS.h
  compilation header save succeeded; see C:\Users\dsilva.vinicius\Documents\non_euclidean_space_ray_tracing\Proceduray\Proceduray\Build_VS16\x64\Release\Output\Core\CompiledShaders\ParticleSortIndirectArgsCS.h
  compilation header save succeeded; see C:\Users\dsilva.vinicius\Documents\non_euclidean_space_ray_tracing\Proceduray\Proceduray\Build_VS16\x64\Release\Output\Core\CompiledShaders\ParticleSpawnCS.h
  compilation header save succeeded; see C:\Users\dsilva.vinicius\Documents\non_euclidean_space_ray_tracing\Proceduray\Proceduray\Build_VS16\x64\Release\Output\Core\CompiledShaders\ParticleTileCullingCS.h
  compilation header save succeeded; see C:\Users\dsilva.vinicius\Documents\non_euclidean_space_ray_tracing\Proceduray\Proceduray\Build_VS16\x64\Release\Output\Core\CompiledShaders\ParticleTileRender2CS.h
  compilation header save succeeded; see C:\Users\dsilva.vinicius\Documents\non_euclidean_space_ray_tracing\Proceduray\Proceduray\Build_VS16\x64\Release\Output\Core\CompiledShaders\ParticleTileRenderCS.h
  compilation header save succeeded; see C:\Users\dsilva.vinicius\Documents\non_euclidean_space_ray_tracing\Proceduray\Proceduray\Build_VS16\x64\Release\Output\Core\CompiledShaders\ParticleTileRenderFast2CS.h
  compilation header save succeeded; see C:\Users\dsilva.vinicius\Documents\non_euclidean_space_ray_tracing\Proceduray\Proceduray\Build_VS16\x64\Release\Output\Core\CompiledShaders\ParticleTileRenderFastCS.h
  compilation header save succeeded; see C:\Users\dsilva.vinicius\Documents\non_euclidean_space_ray_tracing\Proceduray\Proceduray\Build_VS16\x64\Release\Output\Core\CompiledShaders\ParticleTileRenderFastDynamic2CS.h
  compilation header save succeeded; see C:\Users\dsilva.vinicius\Documents\non_euclidean_space_ray_tracing\Proceduray\Proceduray\Build_VS16\x64\Release\Output\Core\CompiledShaders\ParticleTileRenderFastDynamicCS.h
  compilation header save succeeded; see C:\Users\dsilva.vinicius\Documents\non_euclidean_space_ray_tracing\Proceduray\Proceduray\Build_VS16\x64\Release\Output\Core\CompiledShaders\ParticleTileRenderFastLowRes2CS.h
  compilation header save succeeded; see C:\Users\dsilva.vinicius\Documents\non_euclidean_space_ray_tracing\Proceduray\Proceduray\Build_VS16\x64\Release\Output\Core\CompiledShaders\ParticleTileRenderFastLowResCS.h
  compilation header save succeeded; see C:\Users\dsilva.vinicius\Documents\non_euclidean_space_ray_tracing\Proceduray\Proceduray\Build_VS16\x64\Release\Output\Core\CompiledShaders\ParticleTileRenderSlowDynamic2CS.h
  compilation header save succeeded; see C:\Users\dsilva.vinicius\Documents\non_euclidean_space_ray_tracing\Proceduray\Proceduray\Build_VS16\x64\Release\Output\Core\CompiledShaders\ParticleTileRenderSlowDynamicCS.h
  compilation header save succeeded; see C:\Users\dsilva.vinicius\Documents\non_euclidean_space_ray_tracing\Proceduray\Proceduray\Build_VS16\x64\Release\Output\Core\CompiledShaders\ParticleTileRenderSlowLowRes2CS.h
  compilation header save succeeded; see C:\Users\dsilva.vinicius\Documents\non_euclidean_space_ray_tracing\Proceduray\Proceduray\Build_VS16\x64\Release\Output\Core\CompiledShaders\ParticleTileRenderSlowLowResCS.h
  compilation header save succeeded; see C:\Users\dsilva.vinicius\Documents\non_euclidean_space_ray_tracing\Proceduray\Proceduray\Build_VS16\x64\Release\Output\Core\CompiledShaders\ParticleUpdateCS.h
  compilation header save succeeded; see C:\Users\dsilva.vinicius\Documents\non_euclidean_space_ray_tracing\Proceduray\Proceduray\Build_VS16\x64\Release\Output\Core\CompiledShaders\ParticleVS.h
  compilation header save succeeded; see C:\Users\dsilva.vinicius\Documents\non_euclidean_space_ray_tracing\Proceduray\Proceduray\Build_VS16\x64\Release\Output\Core\CompiledShaders\PerfGraphBackgroundVS.h
  compilation header save succeeded; see C:\Users\dsilva.vinicius\Documents\non_euclidean_space_ray_tracing\Proceduray\Proceduray\Build_VS16\x64\Release\Output\Core\CompiledShaders\PerfGraphPS.h
  compilation header save succeeded; see C:\Users\dsilva.vinicius\Documents\non_euclidean_space_ray_tracing\Proceduray\Proceduray\Build_VS16\x64\Release\Output\Core\CompiledShaders\PerfGraphVS.h
  compilation header save succeeded; see C:\Users\dsilva.vinicius\Documents\non_euclidean_space_ray_tracing\Proceduray\Proceduray\Build_VS16\x64\Release\Output\Core\CompiledShaders\PresentHDRPS.h
  compilation header save succeeded; see C:\Users\dsilva.vinicius\Documents\non_euclidean_space_ray_tracing\Proceduray\Proceduray\Build_VS16\x64\Release\Output\Core\CompiledShaders\PresentSDRPS.h
  compilation header save succeeded; see C:\Users\dsilva.vinicius\Documents\non_euclidean_space_ray_tracing\Proceduray\Proceduray\Build_VS16\x64\Release\Output\Core\CompiledShaders\ResolveTAACS.h
  compilation header save succeeded; see C:\Users\dsilva.vinicius\Documents\non_euclidean_space_ray_tracing\Proceduray\Proceduray\Build_VS16\x64\Release\Output\Core\CompiledShaders\SharpeningUpsampleGammaPS.h
  compilation header save succeeded; see C:\Users\dsilva.vinicius\Documents\non_euclidean_space_ray_tracing\Proceduray\Proceduray\Build_VS16\x64\Release\Output\Core\CompiledShaders\SharpeningUpsamplePS.h
  compilation header save succeeded; see C:\Users\dsilva.vinicius\Documents\non_euclidean_space_ray_tracing\Proceduray\Proceduray\Build_VS16\x64\Release\Output\Core\CompiledShaders\SharpenTAACS.h
  compilation header save succeeded; see C:\Users\dsilva.vinicius\Documents\non_euclidean_space_ray_tracing\Proceduray\Proceduray\Build_VS16\x64\Release\Output\Core\CompiledShaders\TemporalBlendCS.h
  compilation header save succeeded; see C:\Users\dsilva.vinicius\Documents\non_euclidean_space_ray_tracing\Proceduray\Proceduray\Build_VS16\x64\Release\Output\Core\CompiledShaders\TextAntialiasPS.h
  compilation header save succeeded; see C:\Users\dsilva.vinicius\Documents\non_euclidean_space_ray_tracing\Proceduray\Proceduray\Build_VS16\x64\Release\Output\Core\CompiledShaders\TextShadowPS.h
  compilation header save succeeded; see C:\Users\dsilva.vinicius\Documents\non_euclidean_space_ray_tracing\Proceduray\Proceduray\Build_VS16\x64\Release\Output\Core\CompiledShaders\TextVS.h
  compilation header save succeeded; see C:\Users\dsilva.vinicius\Documents\non_euclidean_space_ray_tracing\Proceduray\Proceduray\Build_VS16\x64\Release\Output\Core\CompiledShaders\ScreenQuadVS.h
  compilation header save succeeded; see C:\Users\dsilva.vinicius\Documents\non_euclidean_space_ray_tracing\Proceduray\Proceduray\Build_VS16\x64\Release\Output\Core\CompiledShaders\ToneMapHDR2CS.h
  compilation header save succeeded; see C:\Users\dsilva.vinicius\Documents\non_euclidean_space_ray_tracing\Proceduray\Proceduray\Build_VS16\x64\Release\Output\Core\CompiledShaders\ToneMapHDRCS.h
  compilation header save succeeded; see C:\Users\dsilva.vinicius\Documents\non_euclidean_space_ray_tracing\Proceduray\Proceduray\Build_VS16\x64\Release\Output\Core\CompiledShaders\ToneMap2CS.h
  compilation header save succeeded; see C:\Users\dsilva.vinicius\Documents\non_euclidean_space_ray_tracing\Proceduray\Proceduray\Build_VS16\x64\Release\Output\Core\CompiledShaders\ToneMapCS.h
  compilation header save succeeded; see C:\Users\dsilva.vinicius\Documents\non_euclidean_space_ray_tracing\Proceduray\Proceduray\Build_VS16\x64\Release\Output\Core\CompiledShaders\UpsampleAndBlurCS.h
  pch.cpp
  BitonicSort.cpp
  BuddyAllocator.cpp
  BufferManager.cpp
  Camera.cpp
  CameraController.cpp
  Color.cpp
  ColorBuffer.cpp
  CommandAllocatorPool.cpp
  CommandContext.cpp
  CommandListManager.cpp
  CommandSignature.cpp
  DDSTextureLoader.cpp
  DepthBuffer.cpp
  DepthOfField.cpp
  DynamicUploadBuffer.cpp
  DynamicDescriptorHeap.cpp
  DescriptorHeap.cpp
  EngineProfiling.cpp
  EngineTuning.cpp
  FileUtility.cpp
  Generating Code...
  Compiling...
  FXAA.cpp
  GameInput.cpp
  GameCore.cpp
  GpuBuffer.cpp
  GpuTimeManager.cpp
  GraphicsCommon.cpp
  GraphicsCore.cpp
  GraphRenderer.cpp
  LinearAllocator.cpp
  Frustum.cpp
  Random.cpp
  MotionBlur.cpp
  ParticleEffect.cpp
  ParticleEffectManager.cpp
  ParticleEmissionProperties.cpp
  PipelineState.cpp
  PixelBuffer.cpp
  PostEffects.cpp
  ReadbackBuffer.cpp
  RootSignature.cpp
  Generating Code...
  Compiling...
  SamplerManager.cpp
  ShadowBuffer.cpp
  ShadowCamera.cpp
  SSAO.cpp
  SystemTime.cpp
  TemporalEffects.cpp
  TextRenderer.cpp
  TextureManager.cpp
  Utility.cpp
  Generating Code...
  Core_VS16.vcxproj -> C:\Users\dsilva.vinicius\Documents\non_euclidean_space_ray_tracing\Proceduray\Proceduray\Build_VS16\x64\Release\Output\Core\Core.lib
