C:\Program Files (x86)\Microsoft Visual Studio\2019\Community\MSBuild\Microsoft\VC\v160\Microsoft.CppBuild.targets(519,5): warning MSB8028: The intermediate directory (obj\x64\Release\) contains files shared from another project (D3D12RaytracingProceduralGeometry.vcxproj).  This can lead to incorrect clean and rebuild behavior.
  stdafx.cpp
  AccelerationStructure.cpp
  DescriptorHeap.cpp
  Geometry.cpp
  HitGroup.cpp
  RayTracingState.cpp
  RootSignature.cpp
  ShaderCompatUtils.cpp
  ShaderTable.cpp
  StaticScene.cpp
  Main.cpp
  MandelJuliaPacSceneBuilder.cpp
C:\Users\dsilva.vinicius\Documents\non_euclidean_space_ray_tracing\Proceduray\Proceduray\src\D3D12RaytracingProceduralGeometry\MandelJuliaPacSceneBuilder.cpp(311,35): warning C4244: 'argument': conversion from 'double' to 'float', possible loss of data
C:\Users\dsilva.vinicius\Documents\non_euclidean_space_ray_tracing\Proceduray\Proceduray\src\D3D12RaytracingProceduralGeometry\MandelJuliaPacSceneBuilder.cpp(311,27): warning C4244: 'argument': conversion from 'double' to 'float', possible loss of data
C:\Users\dsilva.vinicius\Documents\non_euclidean_space_ray_tracing\Proceduray\Proceduray\src\D3D12RaytracingProceduralGeometry\MandelJuliaPacSceneBuilder.cpp(324,35): warning C4244: 'argument': conversion from 'double' to 'float', possible loss of data
C:\Users\dsilva.vinicius\Documents\non_euclidean_space_ray_tracing\Proceduray\Proceduray\src\D3D12RaytracingProceduralGeometry\MandelJuliaPacSceneBuilder.cpp(324,26): warning C4244: 'argument': conversion from 'double' to 'float', possible loss of data
C:\Users\dsilva.vinicius\Documents\non_euclidean_space_ray_tracing\Proceduray\Proceduray\src\D3D12RaytracingProceduralGeometry\MandelJuliaPacSceneBuilder.cpp(327,35): warning C4244: 'argument': conversion from 'double' to 'float', possible loss of data
C:\Users\dsilva.vinicius\Documents\non_euclidean_space_ray_tracing\Proceduray\Proceduray\src\D3D12RaytracingProceduralGeometry\MandelJuliaPacSceneBuilder.cpp(327,26): warning C4244: 'argument': conversion from 'double' to 'float', possible loss of data
C:\Users\dsilva.vinicius\Documents\non_euclidean_space_ray_tracing\Proceduray\Proceduray\src\D3D12RaytracingProceduralGeometry\MandelJuliaPacSceneBuilder.cpp(338,36): warning C4244: 'argument': conversion from 'double' to 'float', possible loss of data
C:\Users\dsilva.vinicius\Documents\non_euclidean_space_ray_tracing\Proceduray\Proceduray\src\D3D12RaytracingProceduralGeometry\MandelJuliaPacSceneBuilder.cpp(338,27): warning C4244: 'argument': conversion from 'double' to 'float', possible loss of data
  ProceduralRtxEngineSample.cpp
C:\Users\dsilva.vinicius\Documents\non_euclidean_space_ray_tracing\Proceduray\Proceduray\src\D3D12RaytracingProceduralGeometry\ProceduralRtxEngineSample.cpp(94,31): warning C4244: 'argument': conversion from 'double' to 'float', possible loss of data
  DeviceResources.cpp
  DXSample.cpp
  PerformanceTimers.cpp
  Win32Application.cpp
  Generating code
  Previous IPDB not found, fall back to full compilation.
  All 5348 functions were compiled because no usable IPDB/IOBJ from previous compilation was found.
  Finished generating code
  D3D12RaytracingProceduralGeometry.vcxproj -> C:\Users\dsilva.vinicius\Documents\non_euclidean_space_ray_tracing\Proceduray\Proceduray\src\D3D12RaytracingProceduralGeometry\bin\x64\Release\Proceduray.exe
