c:\users\dsilva.vinicius\documents\non_euclidean_space_ray_tracing\proceduray\samples\desktop\d3d12raytracing\src\d3d12raytracingproceduralgeometry\obj\x64\release\d3d12raytracingproceduralgeometry.pch
c:\users\dsilva.vinicius\documents\non_euclidean_space_ray_tracing\proceduray\samples\desktop\d3d12raytracing\src\d3d12raytracingproceduralgeometry\obj\x64\release\vc142.pdb
c:\users\dsilva.vinicius\documents\non_euclidean_space_ray_tracing\proceduray\samples\desktop\d3d12raytracing\src\d3d12raytracingproceduralgeometry\obj\x64\release\stdafx.obj
c:\users\dsilva.vinicius\documents\non_euclidean_space_ray_tracing\proceduray\samples\desktop\d3d12raytracing\src\d3d12raytracingproceduralgeometry\obj\x64\release\staticscene.obj
c:\users\dsilva.vinicius\documents\non_euclidean_space_ray_tracing\proceduray\samples\desktop\d3d12raytracing\src\d3d12raytracingproceduralgeometry\obj\x64\release\shadertable.obj
c:\users\dsilva.vinicius\documents\non_euclidean_space_ray_tracing\proceduray\samples\desktop\d3d12raytracing\src\d3d12raytracingproceduralgeometry\obj\x64\release\shadercompatutils.obj
c:\users\dsilva.vinicius\documents\non_euclidean_space_ray_tracing\proceduray\samples\desktop\d3d12raytracing\src\d3d12raytracingproceduralgeometry\obj\x64\release\rootsignature.obj
c:\users\dsilva.vinicius\documents\non_euclidean_space_ray_tracing\proceduray\samples\desktop\d3d12raytracing\src\d3d12raytracingproceduralgeometry\obj\x64\release\raytracingstate.obj
c:\users\dsilva.vinicius\documents\non_euclidean_space_ray_tracing\proceduray\samples\desktop\d3d12raytracing\src\d3d12raytracingproceduralgeometry\obj\x64\release\hitgroup.obj
c:\users\dsilva.vinicius\documents\non_euclidean_space_ray_tracing\proceduray\samples\desktop\d3d12raytracing\src\d3d12raytracingproceduralgeometry\obj\x64\release\geometry.obj
c:\users\dsilva.vinicius\documents\non_euclidean_space_ray_tracing\proceduray\samples\desktop\d3d12raytracing\src\d3d12raytracingproceduralgeometry\obj\x64\release\descriptorheap.obj
c:\users\dsilva.vinicius\documents\non_euclidean_space_ray_tracing\proceduray\samples\desktop\d3d12raytracing\src\d3d12raytracingproceduralgeometry\obj\x64\release\accelerationstructure.obj
c:\users\dsilva.vinicius\documents\non_euclidean_space_ray_tracing\proceduray\samples\desktop\d3d12raytracing\src\d3d12raytracingproceduralgeometry\obj\x64\release\win32application.obj
c:\users\dsilva.vinicius\documents\non_euclidean_space_ray_tracing\proceduray\samples\desktop\d3d12raytracing\src\d3d12raytracingproceduralgeometry\obj\x64\release\performancetimers.obj
c:\users\dsilva.vinicius\documents\non_euclidean_space_ray_tracing\proceduray\samples\desktop\d3d12raytracing\src\d3d12raytracingproceduralgeometry\obj\x64\release\dxsample.obj
c:\users\dsilva.vinicius\documents\non_euclidean_space_ray_tracing\proceduray\samples\desktop\d3d12raytracing\src\d3d12raytracingproceduralgeometry\obj\x64\release\deviceresources.obj
c:\users\dsilva.vinicius\documents\non_euclidean_space_ray_tracing\proceduray\samples\desktop\d3d12raytracing\src\d3d12raytracingproceduralgeometry\obj\x64\release\proceduralrtxenginesample.obj
c:\users\dsilva.vinicius\documents\non_euclidean_space_ray_tracing\proceduray\samples\desktop\d3d12raytracing\src\d3d12raytracingproceduralgeometry\obj\x64\release\mandeljuliapacscenebuilder.obj
c:\users\dsilva.vinicius\documents\non_euclidean_space_ray_tracing\proceduray\samples\desktop\d3d12raytracing\src\d3d12raytracingproceduralgeometry\obj\x64\release\main.obj
c:\users\dsilva.vinicius\documents\non_euclidean_space_ray_tracing\proceduray\samples\desktop\d3d12raytracing\src\d3d12raytracingproceduralgeometry\bin\x64\release\raytracing.cso
c:\users\dsilva.vinicius\documents\non_euclidean_space_ray_tracing\proceduray\samples\desktop\d3d12raytracing\src\d3d12raytracingproceduralgeometry\obj\x64\release\compiledshaders\raytracing.hlsl.h
c:\users\dsilva.vinicius\documents\non_euclidean_space_ray_tracing\proceduray\samples\desktop\d3d12raytracing\src\d3d12raytracingproceduralgeometry\bin\x64\release\d3d12raytracingproceduralgeometry.exe
c:\users\dsilva.vinicius\documents\non_euclidean_space_ray_tracing\proceduray\samples\desktop\d3d12raytracing\src\d3d12raytracingproceduralgeometry\obj\x64\release\d3d12raytracingproceduralgeometry.ipdb
c:\users\dsilva.vinicius\documents\non_euclidean_space_ray_tracing\proceduray\samples\desktop\d3d12raytracing\src\d3d12raytracingproceduralgeometry\obj\x64\release\d3d12raytracingproceduralgeometry.iobj
c:\users\dsilva.vinicius\documents\non_euclidean_space_ray_tracing\proceduray\samples\desktop\d3d12raytracing\src\d3d12raytracingproceduralgeometry\bin\x64\release\d3d12raytracingproceduralgeometry.pdb
c:\users\dsilva.vinicius\documents\non_euclidean_space_ray_tracing\proceduray\proceduray\src\d3d12raytracingproceduralgeometry\obj\x64\release\accelerationstructure.obj
c:\users\dsilva.vinicius\documents\non_euclidean_space_ray_tracing\proceduray\proceduray\src\d3d12raytracingproceduralgeometry\obj\x64\release\descriptorheap.obj
c:\users\dsilva.vinicius\documents\non_euclidean_space_ray_tracing\proceduray\proceduray\src\d3d12raytracingproceduralgeometry\obj\x64\release\deviceresources.obj
c:\users\dsilva.vinicius\documents\non_euclidean_space_ray_tracing\proceduray\proceduray\src\d3d12raytracingproceduralgeometry\obj\x64\release\dxsample.obj
c:\users\dsilva.vinicius\documents\non_euclidean_space_ray_tracing\proceduray\proceduray\src\d3d12raytracingproceduralgeometry\obj\x64\release\geometry.obj
c:\users\dsilva.vinicius\documents\non_euclidean_space_ray_tracing\proceduray\proceduray\src\d3d12raytracingproceduralgeometry\obj\x64\release\hitgroup.obj
c:\users\dsilva.vinicius\documents\non_euclidean_space_ray_tracing\proceduray\proceduray\src\d3d12raytracingproceduralgeometry\obj\x64\release\main.obj
c:\users\dsilva.vinicius\documents\non_euclidean_space_ray_tracing\proceduray\proceduray\src\d3d12raytracingproceduralgeometry\obj\x64\release\mandeljuliapacscenebuilder.obj
c:\users\dsilva.vinicius\documents\non_euclidean_space_ray_tracing\proceduray\proceduray\src\d3d12raytracingproceduralgeometry\obj\x64\release\performancetimers.obj
c:\users\dsilva.vinicius\documents\non_euclidean_space_ray_tracing\proceduray\proceduray\src\d3d12raytracingproceduralgeometry\obj\x64\release\proceduralrtxenginesample.obj
c:\users\dsilva.vinicius\documents\non_euclidean_space_ray_tracing\proceduray\proceduray\src\d3d12raytracingproceduralgeometry\obj\x64\release\raytracingstate.obj
c:\users\dsilva.vinicius\documents\non_euclidean_space_ray_tracing\proceduray\proceduray\src\d3d12raytracingproceduralgeometry\obj\x64\release\rootsignature.obj
c:\users\dsilva.vinicius\documents\non_euclidean_space_ray_tracing\proceduray\proceduray\src\d3d12raytracingproceduralgeometry\obj\x64\release\shadercompatutils.obj
c:\users\dsilva.vinicius\documents\non_euclidean_space_ray_tracing\proceduray\proceduray\src\d3d12raytracingproceduralgeometry\obj\x64\release\shadertable.obj
c:\users\dsilva.vinicius\documents\non_euclidean_space_ray_tracing\proceduray\proceduray\src\d3d12raytracingproceduralgeometry\obj\x64\release\staticscene.obj
c:\users\dsilva.vinicius\documents\non_euclidean_space_ray_tracing\proceduray\proceduray\src\d3d12raytracingproceduralgeometry\obj\x64\release\stdafx.obj
c:\users\dsilva.vinicius\documents\non_euclidean_space_ray_tracing\proceduray\proceduray\src\d3d12raytracingproceduralgeometry\obj\x64\release\win32application.obj
c:\users\dsilva.vinicius\documents\non_euclidean_space_ray_tracing\proceduray\proceduray\src\d3d12raytracingproceduralgeometry\obj\x64\release\d3d12raytracingproceduralgeometry.ipdb
c:\users\dsilva.vinicius\documents\non_euclidean_space_ray_tracing\proceduray\proceduray\src\d3d12raytracingproceduralgeometry\obj\x64\release\d3d12raytracingproceduralgeometry.iobj
c:\users\dsilva.vinicius\documents\non_euclidean_space_ray_tracing\proceduray\proceduray\src\d3d12raytracingproceduralgeometry\obj\x64\release\d3d12raytracingproceduralgeometry.pch
c:\users\dsilva.vinicius\documents\non_euclidean_space_ray_tracing\proceduray\proceduray\src\d3d12raytracingproceduralgeometry\obj\x64\release\vc142.pdb
c:\users\dsilva.vinicius\documents\non_euclidean_space_ray_tracing\proceduray\proceduray\src\d3d12raytracingproceduralgeometry\bin\x64\release\d3d12raytracingproceduralgeometry.exe
c:\users\dsilva.vinicius\documents\non_euclidean_space_ray_tracing\proceduray\proceduray\src\d3d12raytracingproceduralgeometry\obj\x64\release\d3d12ray.0c266269.tlog\cl.command.1.tlog
c:\users\dsilva.vinicius\documents\non_euclidean_space_ray_tracing\proceduray\proceduray\src\d3d12raytracingproceduralgeometry\obj\x64\release\d3d12ray.0c266269.tlog\cl.read.1.tlog
c:\users\dsilva.vinicius\documents\non_euclidean_space_ray_tracing\proceduray\proceduray\src\d3d12raytracingproceduralgeometry\obj\x64\release\d3d12ray.0c266269.tlog\cl.write.1.tlog
c:\users\dsilva.vinicius\documents\non_euclidean_space_ray_tracing\proceduray\proceduray\src\d3d12raytracingproceduralgeometry\obj\x64\release\d3d12ray.0c266269.tlog\dxc.command.1.tlog
c:\users\dsilva.vinicius\documents\non_euclidean_space_ray_tracing\proceduray\proceduray\src\d3d12raytracingproceduralgeometry\obj\x64\release\d3d12ray.0c266269.tlog\dxc.read.1.tlog
c:\users\dsilva.vinicius\documents\non_euclidean_space_ray_tracing\proceduray\proceduray\src\d3d12raytracingproceduralgeometry\obj\x64\release\d3d12ray.0c266269.tlog\dxc.write.1.tlog
c:\users\dsilva.vinicius\documents\non_euclidean_space_ray_tracing\proceduray\proceduray\src\d3d12raytracingproceduralgeometry\obj\x64\release\d3d12ray.0c266269.tlog\link.command.1.tlog
c:\users\dsilva.vinicius\documents\non_euclidean_space_ray_tracing\proceduray\proceduray\src\d3d12raytracingproceduralgeometry\obj\x64\release\d3d12ray.0c266269.tlog\link.read.1.tlog
c:\users\dsilva.vinicius\documents\non_euclidean_space_ray_tracing\proceduray\proceduray\src\d3d12raytracingproceduralgeometry\obj\x64\release\d3d12ray.0c266269.tlog\link.write.1.tlog
